[ 2017-11-16T14:31:09+08:00 ] 127.0.0.1 /Mobile/index/travel.html
INFO: [ app_init ] --START--
INFO: Run Behavior\BuildLiteBehavior [ RunTime:0.000000s ]
INFO: [ app_init ] --END-- [ RunTime:0.041003s ]
INFO: [ app_begin ] --START--
INFO: Run Behavior\ReadHtmlCacheBehavior [ RunTime:0.012000s ]
INFO: [ app_begin ] --END-- [ RunTime:0.012000s ]
SQL: SHOW COLUMNS FROM `tbl_travel` [ RunTime:0.4000s ]
SQL: SELECT * FROM `tbl_travel` WHERE `is_show` = 0 AND `type` = 1 ORDER BY id desc LIMIT 4   [ RunTime:0.0010s ]
SQL: SELECT * FROM `tbl_travel` WHERE `is_show` = 0 AND `type` = 2 ORDER BY id desc LIMIT 4   [ RunTime:0.0010s ]
SQL: SELECT * FROM `tbl_travel` WHERE `is_show` = 0 AND `type` = 3 ORDER BY id desc LIMIT 4   [ RunTime:0.0010s ]
INFO: [ view_parse ] --START--
INFO: [ template_filter ] --START--
INFO: Run Behavior\ContentReplaceBehavior [ RunTime:0.009001s ]
INFO: [ template_filter ] --END-- [ RunTime:0.009001s ]
INFO: Run Behavior\ParseTemplateBehavior [ RunTime:0.095006s ]
INFO: [ view_parse ] --END-- [ RunTime:0.095006s ]
INFO: [ view_filter ] --START--
INFO: Run Behavior\WriteHtmlCacheBehavior [ RunTime:0.024001s ]
INFO: [ view_filter ] --END-- [ RunTime:0.024001s ]
INFO: [ app_end ] --START--
INFO: Run Behavior\ShowPageTraceBehavior [ RunTime:0.014001s ]
INFO: [ app_end ] --END-- [ RunTime:0.015001s ]

