[ 2017-12-21T10:58:51+08:00 ] 127.0.0.1 /favicon.ico
INFO: [ app_init ] --START--
INFO: Run Behavior\BuildLiteBehavior [ RunTime:0.000000s ]
INFO: [ app_init ] --END-- [ RunTime:0.000000s ]
ERR: 无法加载模块:Favicon

[ 2017-12-21T11:02:59+08:00 ] 127.0.0.1 /e/public/onclick/?enews=donews&classid=11&id=746
INFO: [ app_init ] --START--
INFO: Run Behavior\BuildLiteBehavior [ RunTime:0.000000s ]
INFO: [ app_init ] --END-- [ RunTime:0.001000s ]
ERR: 无法加载模块:E

[ 2017-12-21T11:02:59+08:00 ] 127.0.0.1 /e/public/onclick/?enews=donews&classid=11&id=746
INFO: [ app_init ] --START--
INFO: Run Behavior\BuildLiteBehavior [ RunTime:0.001000s ]
INFO: [ app_init ] --END-- [ RunTime:0.001000s ]
ERR: 无法加载模块:E

[ 2017-12-21T11:08:08+08:00 ] 127.0.0.1 /e/public/onclick/?enews=donews&classid=11&id=746
INFO: [ app_init ] --START--
INFO: Run Behavior\BuildLiteBehavior [ RunTime:0.000000s ]
INFO: [ app_init ] --END-- [ RunTime:0.002000s ]
ERR: 无法加载模块:E

[ 2017-12-21T11:08:16+08:00 ] 127.0.0.1 /e/public/onclick/?enews=donews&classid=11&id=746
INFO: [ app_init ] --START--
INFO: Run Behavior\BuildLiteBehavior [ RunTime:0.000000s ]
INFO: [ app_init ] --END-- [ RunTime:0.001000s ]
ERR: 无法加载模块:E

[ 2017-12-21T11:08:17+08:00 ] 127.0.0.1 /e/public/onclick/?enews=donews&classid=11&id=746
INFO: [ app_init ] --START--
INFO: Run Behavior\BuildLiteBehavior [ RunTime:0.000000s ]
INFO: [ app_init ] --END-- [ RunTime:0.001000s ]
ERR: 无法加载模块:E

[ 2017-12-21T11:08:30+08:00 ] 127.0.0.1 /e/public/onclick/?enews=donews&classid=11&id=746
INFO: [ app_init ] --START--
INFO: Run Behavior\BuildLiteBehavior [ RunTime:0.000000s ]
INFO: [ app_init ] --END-- [ RunTime:0.001000s ]
ERR: 无法加载模块:E

[ 2017-12-21T11:08:30+08:00 ] 127.0.0.1 /e/public/onclick/?enews=donews&classid=11&id=746
INFO: [ app_init ] --START--
INFO: Run Behavior\BuildLiteBehavior [ RunTime:0.000000s ]
INFO: [ app_init ] --END-- [ RunTime:0.001000s ]
ERR: 无法加载模块:E

[ 2017-12-21T11:08:48+08:00 ] 127.0.0.1 /e/public/onclick/?enews=donews&classid=11&id=746
INFO: [ app_init ] --START--
INFO: Run Behavior\BuildLiteBehavior [ RunTime:0.000000s ]
INFO: [ app_init ] --END-- [ RunTime:0.010000s ]
ERR: 无法加载模块:E

[ 2017-12-21T11:08:49+08:00 ] 127.0.0.1 /e/public/onclick/?enews=donews&classid=11&id=746
INFO: [ app_init ] --START--
INFO: Run Behavior\BuildLiteBehavior [ RunTime:0.001000s ]
INFO: [ app_init ] --END-- [ RunTime:0.002000s ]
ERR: 无法加载模块:E

[ 2017-12-21T11:12:01+08:00 ] 127.0.0.1 /e/public/onclick/?enews=donews&classid=11&id=746
INFO: [ app_init ] --START--
INFO: Run Behavior\BuildLiteBehavior [ RunTime:0.000000s ]
INFO: [ app_init ] --END-- [ RunTime:0.001000s ]
ERR: 无法加载模块:E

[ 2017-12-21T11:12:01+08:00 ] 127.0.0.1 /e/public/onclick/?enews=donews&classid=11&id=746
INFO: [ app_init ] --START--
INFO: Run Behavior\BuildLiteBehavior [ RunTime:0.000000s ]
INFO: [ app_init ] --END-- [ RunTime:0.001000s ]
ERR: 无法加载模块:E

[ 2017-12-21T11:12:25+08:00 ] 127.0.0.1 /e/public/onclick/?enews=donews&classid=11&id=746
INFO: [ app_init ] --START--
INFO: Run Behavior\BuildLiteBehavior [ RunTime:0.000000s ]
INFO: [ app_init ] --END-- [ RunTime:0.002001s ]
ERR: 无法加载模块:E

[ 2017-12-21T11:12:26+08:00 ] 127.0.0.1 /e/public/onclick/?enews=donews&classid=11&id=746
INFO: [ app_init ] --START--
INFO: Run Behavior\BuildLiteBehavior [ RunTime:0.000000s ]
INFO: [ app_init ] --END-- [ RunTime:0.001000s ]
ERR: 无法加载模块:E

[ 2017-12-21T11:12:29+08:00 ] 127.0.0.1 /e/public/onclick/?enews=donews&classid=11&id=746
INFO: [ app_init ] --START--
INFO: Run Behavior\BuildLiteBehavior [ RunTime:0.000000s ]
INFO: [ app_init ] --END-- [ RunTime:0.001000s ]
ERR: 无法加载模块:E

[ 2017-12-21T11:12:29+08:00 ] 127.0.0.1 /e/public/onclick/?enews=donews&classid=11&id=746
INFO: [ app_init ] --START--
INFO: Run Behavior\BuildLiteBehavior [ RunTime:0.000000s ]
INFO: [ app_init ] --END-- [ RunTime:0.001000s ]
ERR: 无法加载模块:E

[ 2017-12-21T11:12:34+08:00 ] 127.0.0.1 /e/public/onclick/?enews=donews&classid=11&id=746
INFO: [ app_init ] --START--
INFO: Run Behavior\BuildLiteBehavior [ RunTime:0.000000s ]
INFO: [ app_init ] --END-- [ RunTime:0.001000s ]
ERR: 无法加载模块:E

[ 2017-12-21T11:12:35+08:00 ] 127.0.0.1 /e/public/onclick/?enews=donews&classid=11&id=746
INFO: [ app_init ] --START--
INFO: Run Behavior\BuildLiteBehavior [ RunTime:0.000000s ]
INFO: [ app_init ] --END-- [ RunTime:0.001000s ]
ERR: 无法加载模块:E

[ 2017-12-21T11:12:38+08:00 ] 127.0.0.1 /e/public/onclick/?enews=donews&classid=11&id=746
INFO: [ app_init ] --START--
INFO: Run Behavior\BuildLiteBehavior [ RunTime:0.000000s ]
INFO: [ app_init ] --END-- [ RunTime:0.000000s ]
ERR: 无法加载模块:E

[ 2017-12-21T11:12:39+08:00 ] 127.0.0.1 /e/public/onclick/?enews=donews&classid=11&id=746
INFO: [ app_init ] --START--
INFO: Run Behavior\BuildLiteBehavior [ RunTime:0.000000s ]
INFO: [ app_init ] --END-- [ RunTime:0.000000s ]
ERR: 无法加载模块:E

[ 2017-12-21T11:12:41+08:00 ] 127.0.0.1 /e/public/onclick/?enews=donews&classid=11&id=746
INFO: [ app_init ] --START--
INFO: Run Behavior\BuildLiteBehavior [ RunTime:0.000000s ]
INFO: [ app_init ] --END-- [ RunTime:0.001000s ]
ERR: 无法加载模块:E

[ 2017-12-21T11:12:41+08:00 ] 127.0.0.1 /e/public/onclick/?enews=donews&classid=11&id=746
INFO: [ app_init ] --START--
INFO: Run Behavior\BuildLiteBehavior [ RunTime:0.000000s ]
INFO: [ app_init ] --END-- [ RunTime:0.002000s ]
ERR: 无法加载模块:E

[ 2017-12-21T11:12:43+08:00 ] 127.0.0.1 /e/public/onclick/?enews=donews&classid=11&id=746
INFO: [ app_init ] --START--
INFO: Run Behavior\BuildLiteBehavior [ RunTime:0.001000s ]
INFO: [ app_init ] --END-- [ RunTime:0.001000s ]
ERR: 无法加载模块:E

[ 2017-12-21T11:12:43+08:00 ] 127.0.0.1 /e/public/onclick/?enews=donews&classid=11&id=746
INFO: [ app_init ] --START--
INFO: Run Behavior\BuildLiteBehavior [ RunTime:0.000000s ]
INFO: [ app_init ] --END-- [ RunTime:0.001000s ]
ERR: 无法加载模块:E

[ 2017-12-21T11:13:01+08:00 ] 127.0.0.1 /e/public/onclick/?enews=donews&classid=11&id=746
INFO: [ app_init ] --START--
INFO: Run Behavior\BuildLiteBehavior [ RunTime:0.000000s ]
INFO: [ app_init ] --END-- [ RunTime:0.001001s ]
ERR: 无法加载模块:E

[ 2017-12-21T11:13:01+08:00 ] 127.0.0.1 /e/public/onclick/?enews=donews&classid=11&id=746
INFO: [ app_init ] --START--
INFO: Run Behavior\BuildLiteBehavior [ RunTime:0.000000s ]
INFO: [ app_init ] --END-- [ RunTime:0.001000s ]
ERR: 无法加载模块:E

[ 2017-12-21T11:13:05+08:00 ] 127.0.0.1 /e/public/onclick/?enews=donews&classid=11&id=746
INFO: [ app_init ] --START--
INFO: Run Behavior\BuildLiteBehavior [ RunTime:0.000000s ]
INFO: [ app_init ] --END-- [ RunTime:0.000000s ]
ERR: 无法加载模块:E

[ 2017-12-21T11:13:06+08:00 ] 127.0.0.1 /e/public/onclick/?enews=donews&classid=11&id=746
INFO: [ app_init ] --START--
INFO: Run Behavior\BuildLiteBehavior [ RunTime:0.000000s ]
INFO: [ app_init ] --END-- [ RunTime:0.001000s ]
ERR: 无法加载模块:E

[ 2017-12-21T11:13:08+08:00 ] 127.0.0.1 /e/public/onclick/?enews=donews&classid=11&id=746
INFO: [ app_init ] --START--
INFO: Run Behavior\BuildLiteBehavior [ RunTime:0.000000s ]
INFO: [ app_init ] --END-- [ RunTime:0.001000s ]
ERR: 无法加载模块:E

[ 2017-12-21T11:13:10+08:00 ] 127.0.0.1 /e/public/onclick/?enews=donews&classid=11&id=746
INFO: [ app_init ] --START--
INFO: Run Behavior\BuildLiteBehavior [ RunTime:0.000000s ]
INFO: [ app_init ] --END-- [ RunTime:0.000000s ]
ERR: 无法加载模块:E

[ 2017-12-21T11:13:10+08:00 ] 127.0.0.1 /e/public/onclick/?enews=donews&classid=11&id=746
INFO: [ app_init ] --START--
INFO: Run Behavior\BuildLiteBehavior [ RunTime:0.000000s ]
INFO: [ app_init ] --END-- [ RunTime:0.000000s ]
ERR: 无法加载模块:E

[ 2017-12-21T11:16:34+08:00 ] 127.0.0.1 /e/public/onclick/?enews=donews&classid=11&id=746
INFO: [ app_init ] --START--
INFO: Run Behavior\BuildLiteBehavior [ RunTime:0.000000s ]
INFO: [ app_init ] --END-- [ RunTime:0.001000s ]
ERR: 无法加载模块:E

[ 2017-12-21T11:16:34+08:00 ] 127.0.0.1 /e/public/onclick/?enews=donews&classid=11&id=746
INFO: [ app_init ] --START--
INFO: Run Behavior\BuildLiteBehavior [ RunTime:0.000000s ]
INFO: [ app_init ] --END-- [ RunTime:0.001000s ]
ERR: 无法加载模块:E

[ 2017-12-21T11:16:50+08:00 ] 127.0.0.1 /download/div/
INFO: [ app_init ] --START--
INFO: Run Behavior\BuildLiteBehavior [ RunTime:0.000000s ]
INFO: [ app_init ] --END-- [ RunTime:0.001000s ]
ERR: 无法加载模块:Download

[ 2017-12-21T11:22:44+08:00 ] 127.0.0.1 /e/public/onclick/?enews=donews&classid=11&id=746
INFO: [ app_init ] --START--
INFO: Run Behavior\BuildLiteBehavior [ RunTime:0.000000s ]
INFO: [ app_init ] --END-- [ RunTime:0.000000s ]
ERR: 无法加载模块:E

[ 2017-12-21T11:22:44+08:00 ] 127.0.0.1 /e/public/onclick/?enews=donews&classid=11&id=746
INFO: [ app_init ] --START--
INFO: Run Behavior\BuildLiteBehavior [ RunTime:0.000000s ]
INFO: [ app_init ] --END-- [ RunTime:0.001000s ]
ERR: 无法加载模块:E

[ 2017-12-21T13:25:16+08:00 ] 127.0.0.1 /e/public/onclick/?enews=donews&classid=11&id=746
INFO: [ app_init ] --START--
INFO: Run Behavior\BuildLiteBehavior [ RunTime:0.000000s ]
INFO: [ app_init ] --END-- [ RunTime:0.008000s ]
ERR: 无法加载模块:E

[ 2017-12-21T13:25:16+08:00 ] 127.0.0.1 /e/public/onclick/?enews=donews&classid=11&id=746
INFO: [ app_init ] --START--
INFO: Run Behavior\BuildLiteBehavior [ RunTime:0.000000s ]
INFO: [ app_init ] --END-- [ RunTime:0.001000s ]
ERR: 无法加载模块:E

[ 2017-12-21T13:26:15+08:00 ] 127.0.0.1 /e/public/onclick/?enews=donews&classid=11&id=746
INFO: [ app_init ] --START--
INFO: Run Behavior\BuildLiteBehavior [ RunTime:0.000000s ]
INFO: [ app_init ] --END-- [ RunTime:0.003000s ]
ERR: 无法加载模块:E

[ 2017-12-21T13:26:15+08:00 ] 127.0.0.1 /e/public/onclick/?enews=donews&classid=11&id=746
INFO: [ app_init ] --START--
INFO: Run Behavior\BuildLiteBehavior [ RunTime:0.000000s ]
INFO: [ app_init ] --END-- [ RunTime:0.001001s ]
ERR: 无法加载模块:E

[ 2017-12-21T13:26:18+08:00 ] 127.0.0.1 /e/public/onclick/?enews=donews&classid=11&id=746
INFO: [ app_init ] --START--
INFO: Run Behavior\BuildLiteBehavior [ RunTime:0.000000s ]
INFO: [ app_init ] --END-- [ RunTime:0.000000s ]
ERR: 无法加载模块:E

[ 2017-12-21T13:26:18+08:00 ] 127.0.0.1 /e/public/onclick/?enews=donews&classid=11&id=746
INFO: [ app_init ] --START--
INFO: Run Behavior\BuildLiteBehavior [ RunTime:0.000000s ]
INFO: [ app_init ] --END-- [ RunTime:0.001000s ]
ERR: 无法加载模块:E

[ 2017-12-21T13:26:26+08:00 ] 127.0.0.1 /e/public/onclick/?enews=donews&classid=11&id=746
INFO: [ app_init ] --START--
INFO: Run Behavior\BuildLiteBehavior [ RunTime:0.000000s ]
INFO: [ app_init ] --END-- [ RunTime:0.000000s ]
ERR: 无法加载模块:E

[ 2017-12-21T13:26:29+08:00 ] 127.0.0.1 /e/public/onclick/?enews=donews&classid=11&id=746
INFO: [ app_init ] --START--
INFO: Run Behavior\BuildLiteBehavior [ RunTime:0.000000s ]
INFO: [ app_init ] --END-- [ RunTime:0.002000s ]
ERR: 无法加载模块:E

[ 2017-12-21T13:26:31+08:00 ] 127.0.0.1 /e/public/onclick/?enews=donews&classid=11&id=746
INFO: [ app_init ] --START--
INFO: Run Behavior\BuildLiteBehavior [ RunTime:0.000000s ]
INFO: [ app_init ] --END-- [ RunTime:0.010000s ]
ERR: 无法加载模块:E

[ 2017-12-21T13:26:33+08:00 ] 127.0.0.1 /e/public/onclick/?enews=donews&classid=11&id=746
INFO: [ app_init ] --START--
INFO: Run Behavior\BuildLiteBehavior [ RunTime:0.000000s ]
INFO: [ app_init ] --END-- [ RunTime:0.001000s ]
ERR: 无法加载模块:E

[ 2017-12-21T13:26:36+08:00 ] 127.0.0.1 /e/public/onclick/?enews=donews&classid=11&id=746
INFO: [ app_init ] --START--
INFO: Run Behavior\BuildLiteBehavior [ RunTime:0.000000s ]
INFO: [ app_init ] --END-- [ RunTime:0.000000s ]
ERR: 无法加载模块:E

[ 2017-12-21T13:26:38+08:00 ] 127.0.0.1 /e/public/onclick/?enews=donews&classid=11&id=746
INFO: [ app_init ] --START--
INFO: Run Behavior\BuildLiteBehavior [ RunTime:0.001000s ]
INFO: [ app_init ] --END-- [ RunTime:0.002001s ]
ERR: 无法加载模块:E

[ 2017-12-21T13:33:36+08:00 ] 127.0.0.1 /e/public/onclick/?enews=donews&classid=11&id=746
INFO: [ app_init ] --START--
INFO: Run Behavior\BuildLiteBehavior [ RunTime:0.000000s ]
INFO: [ app_init ] --END-- [ RunTime:0.001000s ]
ERR: 无法加载模块:E

[ 2017-12-21T13:33:36+08:00 ] 127.0.0.1 /e/public/onclick/?enews=donews&classid=11&id=746
INFO: [ app_init ] --START--
INFO: Run Behavior\BuildLiteBehavior [ RunTime:0.000000s ]
INFO: [ app_init ] --END-- [ RunTime:0.001000s ]
ERR: 无法加载模块:E

[ 2017-12-21T13:33:38+08:00 ] 127.0.0.1 /e/public/onclick/?enews=donews&classid=11&id=746
INFO: [ app_init ] --START--
INFO: Run Behavior\BuildLiteBehavior [ RunTime:0.001000s ]
INFO: [ app_init ] --END-- [ RunTime:0.001000s ]
ERR: 无法加载模块:E

[ 2017-12-21T13:33:40+08:00 ] 127.0.0.1 /e/public/onclick/?enews=donews&classid=11&id=746
INFO: [ app_init ] --START--
INFO: Run Behavior\BuildLiteBehavior [ RunTime:0.000000s ]
INFO: [ app_init ] --END-- [ RunTime:0.001000s ]
ERR: 无法加载模块:E

[ 2017-12-21T13:33:41+08:00 ] 127.0.0.1 /e/public/onclick/?enews=donews&classid=11&id=746
INFO: [ app_init ] --START--
INFO: Run Behavior\BuildLiteBehavior [ RunTime:0.000000s ]
INFO: [ app_init ] --END-- [ RunTime:0.001000s ]
ERR: 无法加载模块:E

[ 2017-12-21T13:33:46+08:00 ] 127.0.0.1 /e/public/onclick/?enews=donews&classid=11&id=746
INFO: [ app_init ] --START--
INFO: Run Behavior\BuildLiteBehavior [ RunTime:0.000000s ]
INFO: [ app_init ] --END-- [ RunTime:0.001000s ]
ERR: 无法加载模块:E

[ 2017-12-21T13:33:51+08:00 ] 127.0.0.1 /e/public/onclick/?enews=donews&classid=11&id=746
INFO: [ app_init ] --START--
INFO: Run Behavior\BuildLiteBehavior [ RunTime:0.000000s ]
INFO: [ app_init ] --END-- [ RunTime:0.000000s ]
ERR: 无法加载模块:E

[ 2017-12-21T13:33:55+08:00 ] 127.0.0.1 /e/public/onclick/?enews=donews&classid=11&id=746
INFO: [ app_init ] --START--
INFO: Run Behavior\BuildLiteBehavior [ RunTime:0.000000s ]
INFO: [ app_init ] --END-- [ RunTime:0.001000s ]
ERR: 无法加载模块:E

[ 2017-12-21T13:34:07+08:00 ] 127.0.0.1 /e/public/onclick/?enews=donews&classid=11&id=746
INFO: [ app_init ] --START--
INFO: Run Behavior\BuildLiteBehavior [ RunTime:0.000000s ]
INFO: [ app_init ] --END-- [ RunTime:0.001000s ]
ERR: 无法加载模块:E

[ 2017-12-21T13:34:11+08:00 ] 127.0.0.1 /e/public/onclick/?enews=donews&classid=11&id=746
INFO: [ app_init ] --START--
INFO: Run Behavior\BuildLiteBehavior [ RunTime:0.000000s ]
INFO: [ app_init ] --END-- [ RunTime:0.001000s ]
ERR: 无法加载模块:E

[ 2017-12-21T13:34:16+08:00 ] 127.0.0.1 /e/public/onclick/?enews=donews&classid=11&id=746
INFO: [ app_init ] --START--
INFO: Run Behavior\BuildLiteBehavior [ RunTime:0.000000s ]
INFO: [ app_init ] --END-- [ RunTime:0.000000s ]
ERR: 无法加载模块:E

[ 2017-12-21T13:41:40+08:00 ] 127.0.0.1 /e/public/onclick/?enews=donews&classid=11&id=746
INFO: [ app_init ] --START--
INFO: Run Behavior\BuildLiteBehavior [ RunTime:0.000000s ]
INFO: [ app_init ] --END-- [ RunTime:0.001000s ]
ERR: 无法加载模块:E

[ 2017-12-21T13:41:46+08:00 ] 127.0.0.1 /e/public/onclick/?enews=donews&classid=11&id=746
INFO: [ app_init ] --START--
INFO: Run Behavior\BuildLiteBehavior [ RunTime:0.000000s ]
INFO: [ app_init ] --END-- [ RunTime:0.006001s ]
ERR: 无法加载模块:E

[ 2017-12-21T13:41:49+08:00 ] 127.0.0.1 /e/public/onclick/?enews=donews&classid=11&id=746
INFO: [ app_init ] --START--
INFO: Run Behavior\BuildLiteBehavior [ RunTime:0.000000s ]
INFO: [ app_init ] --END-- [ RunTime:0.001000s ]
ERR: 无法加载模块:E

[ 2017-12-21T13:41:52+08:00 ] 127.0.0.1 /e/public/onclick/?enews=donews&classid=11&id=746
INFO: [ app_init ] --START--
INFO: Run Behavior\BuildLiteBehavior [ RunTime:0.000000s ]
INFO: [ app_init ] --END-- [ RunTime:0.010000s ]
ERR: 无法加载模块:E

[ 2017-12-21T13:41:56+08:00 ] 127.0.0.1 /e/public/onclick/?enews=donews&classid=11&id=746
INFO: [ app_init ] --START--
INFO: Run Behavior\BuildLiteBehavior [ RunTime:0.000000s ]
INFO: [ app_init ] --END-- [ RunTime:0.000000s ]
ERR: 无法加载模块:E

[ 2017-12-21T13:42:00+08:00 ] 127.0.0.1 /e/public/onclick/?enews=donews&classid=11&id=746
INFO: [ app_init ] --START--
INFO: Run Behavior\BuildLiteBehavior [ RunTime:0.000000s ]
INFO: [ app_init ] --END-- [ RunTime:0.000000s ]
ERR: 无法加载模块:E

[ 2017-12-21T13:42:07+08:00 ] 127.0.0.1 /e/public/onclick/?enews=donews&classid=11&id=746
INFO: [ app_init ] --START--
INFO: Run Behavior\BuildLiteBehavior [ RunTime:0.000000s ]
INFO: [ app_init ] --END-- [ RunTime:0.000000s ]
ERR: 无法加载模块:E

[ 2017-12-21T13:42:07+08:00 ] 127.0.0.1 /e/public/onclick/?enews=donews&classid=11&id=746
INFO: [ app_init ] --START--
INFO: Run Behavior\BuildLiteBehavior [ RunTime:0.000000s ]
INFO: [ app_init ] --END-- [ RunTime:0.002000s ]
ERR: 无法加载模块:E

[ 2017-12-21T13:42:18+08:00 ] 127.0.0.1 /e/public/onclick/?enews=donews&classid=11&id=746
INFO: [ app_init ] --START--
INFO: Run Behavior\BuildLiteBehavior [ RunTime:0.000000s ]
INFO: [ app_init ] --END-- [ RunTime:0.001001s ]
ERR: 无法加载模块:E

[ 2017-12-21T13:42:23+08:00 ] 127.0.0.1 /e/public/onclick/?enews=donews&classid=11&id=746
INFO: [ app_init ] --START--
INFO: Run Behavior\BuildLiteBehavior [ RunTime:0.000000s ]
INFO: [ app_init ] --END-- [ RunTime:0.002000s ]
ERR: 无法加载模块:E

[ 2017-12-21T13:42:26+08:00 ] 127.0.0.1 /e/public/onclick/?enews=donews&classid=11&id=746
INFO: [ app_init ] --START--
INFO: Run Behavior\BuildLiteBehavior [ RunTime:0.001000s ]
INFO: [ app_init ] --END-- [ RunTime:0.001000s ]
ERR: 无法加载模块:E

[ 2017-12-21T13:42:32+08:00 ] 127.0.0.1 /e/public/onclick/?enews=donews&classid=11&id=746
INFO: [ app_init ] --START--
INFO: Run Behavior\BuildLiteBehavior [ RunTime:0.000000s ]
INFO: [ app_init ] --END-- [ RunTime:0.001000s ]
ERR: 无法加载模块:E

[ 2017-12-21T13:42:33+08:00 ] 127.0.0.1 /e/public/onclick/?enews=donews&classid=11&id=746
INFO: [ app_init ] --START--
INFO: Run Behavior\BuildLiteBehavior [ RunTime:0.000000s ]
INFO: [ app_init ] --END-- [ RunTime:0.000000s ]
ERR: 无法加载模块:E

[ 2017-12-21T13:43:08+08:00 ] 127.0.0.1 /e/public/onclick/?enews=donews&classid=11&id=746
INFO: [ app_init ] --START--
INFO: Run Behavior\BuildLiteBehavior [ RunTime:0.000000s ]
INFO: [ app_init ] --END-- [ RunTime:0.002000s ]
ERR: 无法加载模块:E

[ 2017-12-21T13:43:08+08:00 ] 127.0.0.1 /e/public/onclick/?enews=donews&classid=11&id=746
INFO: [ app_init ] --START--
INFO: Run Behavior\BuildLiteBehavior [ RunTime:0.000000s ]
INFO: [ app_init ] --END-- [ RunTime:0.001000s ]
ERR: 无法加载模块:E

[ 2017-12-21T13:43:13+08:00 ] 127.0.0.1 /e/public/onclick/?enews=donews&classid=11&id=746
INFO: [ app_init ] --START--
INFO: Run Behavior\BuildLiteBehavior [ RunTime:0.000000s ]
INFO: [ app_init ] --END-- [ RunTime:0.001000s ]
ERR: 无法加载模块:E

[ 2017-12-21T13:43:14+08:00 ] 127.0.0.1 /e/public/onclick/?enews=donews&classid=11&id=746
INFO: [ app_init ] --START--
INFO: Run Behavior\BuildLiteBehavior [ RunTime:0.001000s ]
INFO: [ app_init ] --END-- [ RunTime:0.001000s ]
ERR: 无法加载模块:E

[ 2017-12-21T13:43:16+08:00 ] 127.0.0.1 /download/div/2014-06-13/689.html
INFO: [ app_init ] --START--
INFO: Run Behavior\BuildLiteBehavior [ RunTime:0.000000s ]
INFO: [ app_init ] --END-- [ RunTime:0.001000s ]
ERR: 无法加载模块:Download

[ 2017-12-21T13:45:21+08:00 ] 127.0.0.1 /e/public/onclick/?enews=donews&classid=11&id=746
INFO: [ app_init ] --START--
INFO: Run Behavior\BuildLiteBehavior [ RunTime:0.000000s ]
INFO: [ app_init ] --END-- [ RunTime:0.002000s ]
ERR: 无法加载模块:E

[ 2017-12-21T13:45:21+08:00 ] 127.0.0.1 /e/public/onclick/?enews=donews&classid=11&id=746
INFO: [ app_init ] --START--
INFO: Run Behavior\BuildLiteBehavior [ RunTime:0.000000s ]
INFO: [ app_init ] --END-- [ RunTime:0.002000s ]
ERR: 无法加载模块:E

[ 2017-12-21T13:46:03+08:00 ] 127.0.0.1 /e/public/onclick/?enews=donews&classid=11&id=746
INFO: [ app_init ] --START--
INFO: Run Behavior\BuildLiteBehavior [ RunTime:0.000000s ]
INFO: [ app_init ] --END-- [ RunTime:0.003000s ]
ERR: 无法加载模块:E

[ 2017-12-21T14:16:36+08:00 ] 127.0.0.1 /news/index_2.html
INFO: [ app_init ] --START--
INFO: Run Behavior\BuildLiteBehavior [ RunTime:0.000000s ]
INFO: [ app_init ] --END-- [ RunTime:0.000000s ]
ERR: 无法加载模块:News

[ 2017-12-21T14:27:53+08:00 ] 127.0.0.1 /news/index_5.html
INFO: [ app_init ] --START--
INFO: Run Behavior\BuildLiteBehavior [ RunTime:0.000000s ]
INFO: [ app_init ] --END-- [ RunTime:0.000000s ]
ERR: 无法加载模块:News

[ 2017-12-21T14:55:38+08:00 ] 127.0.0.1 /e/public/onclick/?enews=donews&classid=11&id=746
INFO: [ app_init ] --START--
INFO: Run Behavior\BuildLiteBehavior [ RunTime:0.000000s ]
INFO: [ app_init ] --END-- [ RunTime:0.002000s ]
ERR: 无法加载模块:E

[ 2017-12-21T14:55:39+08:00 ] 127.0.0.1 /e/public/onclick/?enews=donews&classid=11&id=746
INFO: [ app_init ] --START--
INFO: Run Behavior\BuildLiteBehavior [ RunTime:0.000000s ]
INFO: [ app_init ] --END-- [ RunTime:0.001000s ]
ERR: 无法加载模块:E

[ 2017-12-21T15:03:08+08:00 ] 127.0.0.1 /favicon.ico
INFO: [ app_init ] --START--
INFO: Run Behavior\BuildLiteBehavior [ RunTime:0.000000s ]
INFO: [ app_init ] --END-- [ RunTime:0.001000s ]
ERR: 无法加载模块:Favicon

[ 2017-12-21T15:03:11+08:00 ] 127.0.0.1 /favicon.ico
INFO: [ app_init ] --START--
INFO: Run Behavior\BuildLiteBehavior [ RunTime:0.000000s ]
INFO: [ app_init ] --END-- [ RunTime:0.001000s ]
ERR: 无法加载模块:Favicon

[ 2017-12-21T15:03:23+08:00 ] 127.0.0.1 /e/public/onclick/?enews=donews&classid=11&id=746
INFO: [ app_init ] --START--
INFO: Run Behavior\BuildLiteBehavior [ RunTime:0.000000s ]
INFO: [ app_init ] --END-- [ RunTime:0.001000s ]
ERR: 无法加载模块:E

[ 2017-12-21T15:03:23+08:00 ] 127.0.0.1 /e/public/onclick/?enews=donews&classid=11&id=746
INFO: [ app_init ] --START--
INFO: Run Behavior\BuildLiteBehavior [ RunTime:0.000000s ]
INFO: [ app_init ] --END-- [ RunTime:0.000000s ]
ERR: 无法加载模块:E

[ 2017-12-21T15:09:34+08:00 ] 127.0.0.1 /e/public/onclick/?enews=donews&classid=11&id=746
INFO: [ app_init ] --START--
INFO: Run Behavior\BuildLiteBehavior [ RunTime:0.000000s ]
INFO: [ app_init ] --END-- [ RunTime:0.001000s ]
ERR: 无法加载模块:E

[ 2017-12-21T15:09:34+08:00 ] 127.0.0.1 /e/public/onclick/?enews=donews&classid=11&id=746
INFO: [ app_init ] --START--
INFO: Run Behavior\BuildLiteBehavior [ RunTime:0.000000s ]
INFO: [ app_init ] --END-- [ RunTime:0.001000s ]
ERR: 无法加载模块:E

[ 2017-12-21T15:10:24+08:00 ] 127.0.0.1 /e/public/onclick/?enews=donews&classid=11&id=746
INFO: [ app_init ] --START--
INFO: Run Behavior\BuildLiteBehavior [ RunTime:0.000000s ]
INFO: [ app_init ] --END-- [ RunTime:0.001001s ]
ERR: 无法加载模块:E

[ 2017-12-21T15:11:05+08:00 ] 127.0.0.1 /e/public/onclick/?enews=donews&classid=11&id=746
INFO: [ app_init ] --START--
INFO: Run Behavior\BuildLiteBehavior [ RunTime:0.000000s ]
INFO: [ app_init ] --END-- [ RunTime:0.000000s ]
ERR: 无法加载模块:E

[ 2017-12-21T15:11:05+08:00 ] 127.0.0.1 /e/public/onclick/?enews=donews&classid=11&id=746
INFO: [ app_init ] --START--
INFO: Run Behavior\BuildLiteBehavior [ RunTime:0.000000s ]
INFO: [ app_init ] --END-- [ RunTime:0.001000s ]
ERR: 无法加载模块:E

[ 2017-12-21T15:12:05+08:00 ] 127.0.0.1 /download/div/
INFO: [ app_init ] --START--
INFO: Run Behavior\BuildLiteBehavior [ RunTime:0.000000s ]
INFO: [ app_init ] --END-- [ RunTime:0.001000s ]
ERR: 无法加载模块:Download

[ 2017-12-21T15:12:12+08:00 ] 127.0.0.1 /e/public/onclick/?enews=donews&classid=11&id=746
INFO: [ app_init ] --START--
INFO: Run Behavior\BuildLiteBehavior [ RunTime:0.000000s ]
INFO: [ app_init ] --END-- [ RunTime:0.001000s ]
ERR: 无法加载模块:E

[ 2017-12-21T15:12:12+08:00 ] 127.0.0.1 /e/public/onclick/?enews=donews&classid=11&id=746
INFO: [ app_init ] --START--
INFO: Run Behavior\BuildLiteBehavior [ RunTime:0.000000s ]
INFO: [ app_init ] --END-- [ RunTime:0.001000s ]
ERR: 无法加载模块:E

[ 2017-12-21T15:26:51+08:00 ] 127.0.0.1 /jstt/web/2014-01-18/644.html
INFO: [ app_init ] --START--
INFO: Run Behavior\BuildLiteBehavior [ RunTime:0.000000s ]
INFO: [ app_init ] --END-- [ RunTime:0.001000s ]
ERR: 无法加载模块:Jstt

