[ 2017-09-20T10:25:03+08:00 ] 127.0.0.1 /tp3.2/auth/
INFO: [ app_init ] --START--
INFO: Run Behavior\BuildLiteBehavior [ RunTime:0.000000s ]
INFO: [ app_init ] --END-- [ RunTime:0.001000s ]
INFO: [ app_begin ] --START--
INFO: Run Behavior\ReadHtmlCacheBehavior [ RunTime:0.001001s ]
INFO: [ app_begin ] --END-- [ RunTime:0.003001s ]

[ 2017-09-20T10:25:03+08:00 ] 127.0.0.1 /tp3.2/Auth/login/index.html
INFO: [ app_init ] --START--
INFO: Run Behavior\BuildLiteBehavior [ RunTime:0.000000s ]
INFO: [ app_init ] --END-- [ RunTime:0.001001s ]
INFO: [ app_begin ] --START--
INFO: Run Behavior\ReadHtmlCacheBehavior [ RunTime:0.001000s ]
INFO: [ app_begin ] --END-- [ RunTime:0.001000s ]
INFO: [ view_parse ] --START--
INFO: [ template_filter ] --START--
INFO: Run Behavior\ContentReplaceBehavior [ RunTime:0.014001s ]
INFO: [ template_filter ] --END-- [ RunTime:0.014001s ]
INFO: Run Behavior\ParseTemplateBehavior [ RunTime:0.038002s ]
INFO: [ view_parse ] --END-- [ RunTime:0.038002s ]
INFO: [ view_filter ] --START--
INFO: Run Behavior\WriteHtmlCacheBehavior [ RunTime:0.001000s ]
INFO: [ view_filter ] --END-- [ RunTime:0.001000s ]
INFO: [ app_end ] --START--
INFO: Run Behavior\ShowPageTraceBehavior [ RunTime:0.001000s ]
INFO: [ app_end ] --END-- [ RunTime:0.001000s ]

[ 2017-09-20T10:25:03+08:00 ] 127.0.0.1 /tp3.2/Auth/login/code.html
INFO: [ app_init ] --START--
INFO: Run Behavior\BuildLiteBehavior [ RunTime:0.000000s ]
INFO: [ app_init ] --END-- [ RunTime:0.001001s ]
INFO: [ app_begin ] --START--
INFO: Run Behavior\ReadHtmlCacheBehavior [ RunTime:0.001000s ]
INFO: [ app_begin ] --END-- [ RunTime:0.001000s ]
INFO: [ app_end ] --START--
INFO: Run Behavior\ShowPageTraceBehavior [ RunTime:0.001000s ]
INFO: [ app_end ] --END-- [ RunTime:0.001000s ]

[ 2017-09-20T10:25:19+08:00 ] 127.0.0.1 /tp3.2/Auth/login/check.html
INFO: [ app_init ] --START--
INFO: Run Behavior\BuildLiteBehavior [ RunTime:0.000000s ]
INFO: [ app_init ] --END-- [ RunTime:0.001000s ]
INFO: [ app_begin ] --START--
INFO: Run Behavior\ReadHtmlCacheBehavior [ RunTime:0.001000s ]
INFO: [ app_begin ] --END-- [ RunTime:0.001000s ]
SQL: SHOW COLUMNS FROM `tbl_admin` [ RunTime:0.0330s ]
SQL: SELECT * FROM `tbl_admin` WHERE `admin_name` = 'admin' LIMIT 1   [ RunTime:0.0010s ]
INFO: [ app_end ] --START--
INFO: Run Behavior\ShowPageTraceBehavior [ RunTime:0.001000s ]
INFO: [ app_end ] --END-- [ RunTime:0.001000s ]

[ 2017-09-20T10:25:19+08:00 ] 127.0.0.1 /tp3.2/Auth/index/index.html
INFO: [ app_init ] --START--
INFO: Run Behavior\BuildLiteBehavior [ RunTime:0.000000s ]
INFO: [ app_init ] --END-- [ RunTime:0.001000s ]
INFO: [ app_begin ] --START--
INFO: Run Behavior\ReadHtmlCacheBehavior [ RunTime:0.001000s ]
INFO: [ app_begin ] --END-- [ RunTime:0.001000s ]
INFO: [ view_parse ] --START--
INFO: [ template_filter ] --START--
INFO: Run Behavior\ContentReplaceBehavior [ RunTime:0.000000s ]
INFO: [ template_filter ] --END-- [ RunTime:0.000000s ]
INFO: Run Behavior\ParseTemplateBehavior [ RunTime:0.039003s ]
INFO: [ view_parse ] --END-- [ RunTime:0.039003s ]
INFO: [ view_filter ] --START--
INFO: Run Behavior\WriteHtmlCacheBehavior [ RunTime:0.000000s ]
INFO: [ view_filter ] --END-- [ RunTime:0.000000s ]
INFO: [ app_end ] --START--
INFO: Run Behavior\ShowPageTraceBehavior [ RunTime:0.001000s ]
INFO: [ app_end ] --END-- [ RunTime:0.001000s ]

[ 2017-09-20T10:25:20+08:00 ] 127.0.0.1 /tp3.2/Auth/index/skin-config.html
INFO: [ app_init ] --START--
INFO: Run Behavior\BuildLiteBehavior [ RunTime:0.000000s ]
INFO: [ app_init ] --END-- [ RunTime:0.001000s ]
INFO: [ app_begin ] --START--
INFO: Run Behavior\ReadHtmlCacheBehavior [ RunTime:0.001000s ]
INFO: [ app_begin ] --END-- [ RunTime:0.001000s ]
ERR: 非法操作:skin-config

[ 2017-09-20T10:25:20+08:00 ] 127.0.0.1 /tp3.2/Auth/index/welcome.html
INFO: [ app_init ] --START--
INFO: Run Behavior\BuildLiteBehavior [ RunTime:0.000000s ]
INFO: [ app_init ] --END-- [ RunTime:0.002000s ]
INFO: [ app_begin ] --START--
INFO: Run Behavior\ReadHtmlCacheBehavior [ RunTime:0.001000s ]
INFO: [ app_begin ] --END-- [ RunTime:0.001000s ]
INFO: [ view_parse ] --START--
INFO: [ template_filter ] --START--
INFO: Run Behavior\ContentReplaceBehavior [ RunTime:0.000000s ]
INFO: [ template_filter ] --END-- [ RunTime:0.001001s ]
INFO: Run Behavior\ParseTemplateBehavior [ RunTime:0.041002s ]
INFO: [ view_parse ] --END-- [ RunTime:0.041002s ]
INFO: [ view_filter ] --START--
INFO: Run Behavior\WriteHtmlCacheBehavior [ RunTime:0.000000s ]
INFO: [ view_filter ] --END-- [ RunTime:0.001000s ]
INFO: [ app_end ] --START--
INFO: Run Behavior\ShowPageTraceBehavior [ RunTime:0.001000s ]
INFO: [ app_end ] --END-- [ RunTime:0.001000s ]

[ 2017-09-20T10:27:35+08:00 ] 127.0.0.1 /tp3.2/Auth/new/index.html?v=3.0
INFO: [ app_init ] --START--
INFO: Run Behavior\BuildLiteBehavior [ RunTime:0.000000s ]
INFO: [ app_init ] --END-- [ RunTime:0.001000s ]
INFO: [ app_begin ] --START--
INFO: Run Behavior\ReadHtmlCacheBehavior [ RunTime:0.001000s ]
INFO: [ app_begin ] --END-- [ RunTime:0.001000s ]
NOTIC: [2048] Declaration of Auth\Controller\NewController::show() should be compatible with Think\Controller::show($content, $charset = '', $contentType = '', $prefix = '') D:\wamp\www\tp3.2\Application\Auth\Controller\NewController.class.php 第 14 行.
SQL: SHOW COLUMNS FROM `tbl_new` [ RunTime:0.0060s ]
SQL: SELECT COUNT(*) AS tp_count FROM tbl_new  as  a INNER JOIN tbl_new_type  as  b  on a.new_type = b.id  LIMIT 1   [ RunTime:0.0010s ]
SQL: SELECT * FROM tbl_new  as  a INNER JOIN tbl_new_type  as  b  on a.new_type = b.id  ORDER BY new_id desc LIMIT 0,10   [ RunTime:0.0060s ]
INFO: [ view_parse ] --START--
INFO: [ template_filter ] --START--
INFO: Run Behavior\ContentReplaceBehavior [ RunTime:0.000000s ]
INFO: [ template_filter ] --END-- [ RunTime:0.000000s ]
NOTIC: [8] Undefined index: nav_title D:\wamp\www\tp3.2\Application\Runtime\Cache\Auth\4ad7e1c0351babc8346e0cd6fc4f5518.php 第 93 行.
NOTIC: [8] Undefined index: nav_title D:\wamp\www\tp3.2\Application\Runtime\Cache\Auth\4ad7e1c0351babc8346e0cd6fc4f5518.php 第 93 行.
NOTIC: [8] Undefined index: nav_title D:\wamp\www\tp3.2\Application\Runtime\Cache\Auth\4ad7e1c0351babc8346e0cd6fc4f5518.php 第 93 行.
NOTIC: [8] Undefined index: nav_title D:\wamp\www\tp3.2\Application\Runtime\Cache\Auth\4ad7e1c0351babc8346e0cd6fc4f5518.php 第 93 行.
NOTIC: [8] Undefined index: nav_title D:\wamp\www\tp3.2\Application\Runtime\Cache\Auth\4ad7e1c0351babc8346e0cd6fc4f5518.php 第 93 行.
NOTIC: [8] Undefined index: nav_title D:\wamp\www\tp3.2\Application\Runtime\Cache\Auth\4ad7e1c0351babc8346e0cd6fc4f5518.php 第 93 行.
NOTIC: [8] Undefined index: nav_title D:\wamp\www\tp3.2\Application\Runtime\Cache\Auth\4ad7e1c0351babc8346e0cd6fc4f5518.php 第 93 行.
NOTIC: [8] Undefined index: nav_title D:\wamp\www\tp3.2\Application\Runtime\Cache\Auth\4ad7e1c0351babc8346e0cd6fc4f5518.php 第 93 行.
NOTIC: [8] Undefined index: nav_title D:\wamp\www\tp3.2\Application\Runtime\Cache\Auth\4ad7e1c0351babc8346e0cd6fc4f5518.php 第 93 行.
NOTIC: [8] Undefined index: nav_title D:\wamp\www\tp3.2\Application\Runtime\Cache\Auth\4ad7e1c0351babc8346e0cd6fc4f5518.php 第 93 行.
INFO: Run Behavior\ParseTemplateBehavior [ RunTime:0.038002s ]
INFO: [ view_parse ] --END-- [ RunTime:0.038002s ]
INFO: [ view_filter ] --START--
INFO: Run Behavior\WriteHtmlCacheBehavior [ RunTime:0.001000s ]
INFO: [ view_filter ] --END-- [ RunTime:0.002000s ]
INFO: [ app_end ] --START--
INFO: Run Behavior\ShowPageTraceBehavior [ RunTime:0.001001s ]
INFO: [ app_end ] --END-- [ RunTime:0.002001s ]

[ 2017-09-20T10:27:37+08:00 ] 127.0.0.1 /tp3.2/Auth/New/index/v/3.0/p/2.html
INFO: [ app_init ] --START--
INFO: Run Behavior\BuildLiteBehavior [ RunTime:0.000000s ]
INFO: [ app_init ] --END-- [ RunTime:0.001001s ]
INFO: [ app_begin ] --START--
INFO: Run Behavior\ReadHtmlCacheBehavior [ RunTime:0.001000s ]
INFO: [ app_begin ] --END-- [ RunTime:0.002000s ]
NOTIC: [2048] Declaration of Auth\Controller\NewController::show() should be compatible with Think\Controller::show($content, $charset = '', $contentType = '', $prefix = '') D:\wamp\www\tp3.2\Application\Auth\Controller\NewController.class.php 第 14 行.
SQL: SHOW COLUMNS FROM `tbl_new` [ RunTime:0.0080s ]
SQL: SELECT COUNT(*) AS tp_count FROM tbl_new  as  a INNER JOIN tbl_new_type  as  b  on a.new_type = b.id  LIMIT 1   [ RunTime:0.0010s ]
SQL: SELECT * FROM tbl_new  as  a INNER JOIN tbl_new_type  as  b  on a.new_type = b.id  ORDER BY new_id desc LIMIT 10,10   [ RunTime:0.0070s ]
INFO: [ view_parse ] --START--
INFO: [ template_filter ] --START--
INFO: Run Behavior\ContentReplaceBehavior [ RunTime:0.001000s ]
INFO: [ template_filter ] --END-- [ RunTime:0.001000s ]
NOTIC: [8] Undefined index: nav_title D:\wamp\www\tp3.2\Application\Runtime\Cache\Auth\4ad7e1c0351babc8346e0cd6fc4f5518.php 第 93 行.
NOTIC: [8] Undefined index: nav_title D:\wamp\www\tp3.2\Application\Runtime\Cache\Auth\4ad7e1c0351babc8346e0cd6fc4f5518.php 第 93 行.
NOTIC: [8] Undefined index: nav_title D:\wamp\www\tp3.2\Application\Runtime\Cache\Auth\4ad7e1c0351babc8346e0cd6fc4f5518.php 第 93 行.
NOTIC: [8] Undefined index: nav_title D:\wamp\www\tp3.2\Application\Runtime\Cache\Auth\4ad7e1c0351babc8346e0cd6fc4f5518.php 第 93 行.
NOTIC: [8] Undefined index: nav_title D:\wamp\www\tp3.2\Application\Runtime\Cache\Auth\4ad7e1c0351babc8346e0cd6fc4f5518.php 第 93 行.
NOTIC: [8] Undefined index: nav_title D:\wamp\www\tp3.2\Application\Runtime\Cache\Auth\4ad7e1c0351babc8346e0cd6fc4f5518.php 第 93 行.
NOTIC: [8] Undefined index: nav_title D:\wamp\www\tp3.2\Application\Runtime\Cache\Auth\4ad7e1c0351babc8346e0cd6fc4f5518.php 第 93 行.
NOTIC: [8] Undefined index: nav_title D:\wamp\www\tp3.2\Application\Runtime\Cache\Auth\4ad7e1c0351babc8346e0cd6fc4f5518.php 第 93 行.
NOTIC: [8] Undefined index: nav_title D:\wamp\www\tp3.2\Application\Runtime\Cache\Auth\4ad7e1c0351babc8346e0cd6fc4f5518.php 第 93 行.
NOTIC: [8] Undefined index: nav_title D:\wamp\www\tp3.2\Application\Runtime\Cache\Auth\4ad7e1c0351babc8346e0cd6fc4f5518.php 第 93 行.
INFO: Run Behavior\ParseTemplateBehavior [ RunTime:0.024001s ]
INFO: [ view_parse ] --END-- [ RunTime:0.025001s ]
INFO: [ view_filter ] --START--
INFO: Run Behavior\WriteHtmlCacheBehavior [ RunTime:0.000000s ]
INFO: [ view_filter ] --END-- [ RunTime:0.000000s ]
INFO: [ app_end ] --START--
INFO: Run Behavior\ShowPageTraceBehavior [ RunTime:0.001000s ]
INFO: [ app_end ] --END-- [ RunTime:0.001000s ]

[ 2017-09-20T10:27:39+08:00 ] 127.0.0.1 /tp3.2/Auth/New/index/v/3.0/p/3.html
INFO: [ app_init ] --START--
INFO: Run Behavior\BuildLiteBehavior [ RunTime:0.000000s ]
INFO: [ app_init ] --END-- [ RunTime:0.001000s ]
INFO: [ app_begin ] --START--
INFO: Run Behavior\ReadHtmlCacheBehavior [ RunTime:0.000000s ]
INFO: [ app_begin ] --END-- [ RunTime:0.001000s ]
NOTIC: [2048] Declaration of Auth\Controller\NewController::show() should be compatible with Think\Controller::show($content, $charset = '', $contentType = '', $prefix = '') D:\wamp\www\tp3.2\Application\Auth\Controller\NewController.class.php 第 14 行.
SQL: SHOW COLUMNS FROM `tbl_new` [ RunTime:0.0060s ]
SQL: SELECT COUNT(*) AS tp_count FROM tbl_new  as  a INNER JOIN tbl_new_type  as  b  on a.new_type = b.id  LIMIT 1   [ RunTime:0.0010s ]
SQL: SELECT * FROM tbl_new  as  a INNER JOIN tbl_new_type  as  b  on a.new_type = b.id  ORDER BY new_id desc LIMIT 20,10   [ RunTime:0.0070s ]
INFO: [ view_parse ] --START--
INFO: [ template_filter ] --START--
INFO: Run Behavior\ContentReplaceBehavior [ RunTime:0.000000s ]
INFO: [ template_filter ] --END-- [ RunTime:0.000000s ]
NOTIC: [8] Undefined index: nav_title D:\wamp\www\tp3.2\Application\Runtime\Cache\Auth\4ad7e1c0351babc8346e0cd6fc4f5518.php 第 93 行.
NOTIC: [8] Undefined index: nav_title D:\wamp\www\tp3.2\Application\Runtime\Cache\Auth\4ad7e1c0351babc8346e0cd6fc4f5518.php 第 93 行.
NOTIC: [8] Undefined index: nav_title D:\wamp\www\tp3.2\Application\Runtime\Cache\Auth\4ad7e1c0351babc8346e0cd6fc4f5518.php 第 93 行.
NOTIC: [8] Undefined index: nav_title D:\wamp\www\tp3.2\Application\Runtime\Cache\Auth\4ad7e1c0351babc8346e0cd6fc4f5518.php 第 93 行.
NOTIC: [8] Undefined index: nav_title D:\wamp\www\tp3.2\Application\Runtime\Cache\Auth\4ad7e1c0351babc8346e0cd6fc4f5518.php 第 93 行.
NOTIC: [8] Undefined index: nav_title D:\wamp\www\tp3.2\Application\Runtime\Cache\Auth\4ad7e1c0351babc8346e0cd6fc4f5518.php 第 93 行.
NOTIC: [8] Undefined index: nav_title D:\wamp\www\tp3.2\Application\Runtime\Cache\Auth\4ad7e1c0351babc8346e0cd6fc4f5518.php 第 93 行.
NOTIC: [8] Undefined index: nav_title D:\wamp\www\tp3.2\Application\Runtime\Cache\Auth\4ad7e1c0351babc8346e0cd6fc4f5518.php 第 93 行.
NOTIC: [8] Undefined index: nav_title D:\wamp\www\tp3.2\Application\Runtime\Cache\Auth\4ad7e1c0351babc8346e0cd6fc4f5518.php 第 93 行.
NOTIC: [8] Undefined index: nav_title D:\wamp\www\tp3.2\Application\Runtime\Cache\Auth\4ad7e1c0351babc8346e0cd6fc4f5518.php 第 93 行.
INFO: Run Behavior\ParseTemplateBehavior [ RunTime:0.025001s ]
INFO: [ view_parse ] --END-- [ RunTime:0.026001s ]
INFO: [ view_filter ] --START--
INFO: Run Behavior\WriteHtmlCacheBehavior [ RunTime:0.000000s ]
INFO: [ view_filter ] --END-- [ RunTime:0.000000s ]
INFO: [ app_end ] --START--
INFO: Run Behavior\ShowPageTraceBehavior [ RunTime:0.001000s ]
INFO: [ app_end ] --END-- [ RunTime:0.001000s ]

[ 2017-09-20T10:27:41+08:00 ] 127.0.0.1 /tp3.2/Auth/New/index/v/3.0/p/2.html
INFO: [ app_init ] --START--
INFO: Run Behavior\BuildLiteBehavior [ RunTime:0.000000s ]
INFO: [ app_init ] --END-- [ RunTime:0.001000s ]
INFO: [ app_begin ] --START--
INFO: Run Behavior\ReadHtmlCacheBehavior [ RunTime:0.001000s ]
INFO: [ app_begin ] --END-- [ RunTime:0.001000s ]
NOTIC: [2048] Declaration of Auth\Controller\NewController::show() should be compatible with Think\Controller::show($content, $charset = '', $contentType = '', $prefix = '') D:\wamp\www\tp3.2\Application\Auth\Controller\NewController.class.php 第 14 行.
SQL: SHOW COLUMNS FROM `tbl_new` [ RunTime:0.0050s ]
SQL: SELECT COUNT(*) AS tp_count FROM tbl_new  as  a INNER JOIN tbl_new_type  as  b  on a.new_type = b.id  LIMIT 1   [ RunTime:0.0010s ]
SQL: SELECT * FROM tbl_new  as  a INNER JOIN tbl_new_type  as  b  on a.new_type = b.id  ORDER BY new_id desc LIMIT 10,10   [ RunTime:0.0060s ]
INFO: [ view_parse ] --START--
INFO: [ template_filter ] --START--
INFO: Run Behavior\ContentReplaceBehavior [ RunTime:0.001000s ]
INFO: [ template_filter ] --END-- [ RunTime:0.001000s ]
NOTIC: [8] Undefined index: nav_title D:\wamp\www\tp3.2\Application\Runtime\Cache\Auth\4ad7e1c0351babc8346e0cd6fc4f5518.php 第 93 行.
NOTIC: [8] Undefined index: nav_title D:\wamp\www\tp3.2\Application\Runtime\Cache\Auth\4ad7e1c0351babc8346e0cd6fc4f5518.php 第 93 行.
NOTIC: [8] Undefined index: nav_title D:\wamp\www\tp3.2\Application\Runtime\Cache\Auth\4ad7e1c0351babc8346e0cd6fc4f5518.php 第 93 行.
NOTIC: [8] Undefined index: nav_title D:\wamp\www\tp3.2\Application\Runtime\Cache\Auth\4ad7e1c0351babc8346e0cd6fc4f5518.php 第 93 行.
NOTIC: [8] Undefined index: nav_title D:\wamp\www\tp3.2\Application\Runtime\Cache\Auth\4ad7e1c0351babc8346e0cd6fc4f5518.php 第 93 行.
NOTIC: [8] Undefined index: nav_title D:\wamp\www\tp3.2\Application\Runtime\Cache\Auth\4ad7e1c0351babc8346e0cd6fc4f5518.php 第 93 行.
NOTIC: [8] Undefined index: nav_title D:\wamp\www\tp3.2\Application\Runtime\Cache\Auth\4ad7e1c0351babc8346e0cd6fc4f5518.php 第 93 行.
NOTIC: [8] Undefined index: nav_title D:\wamp\www\tp3.2\Application\Runtime\Cache\Auth\4ad7e1c0351babc8346e0cd6fc4f5518.php 第 93 行.
NOTIC: [8] Undefined index: nav_title D:\wamp\www\tp3.2\Application\Runtime\Cache\Auth\4ad7e1c0351babc8346e0cd6fc4f5518.php 第 93 行.
NOTIC: [8] Undefined index: nav_title D:\wamp\www\tp3.2\Application\Runtime\Cache\Auth\4ad7e1c0351babc8346e0cd6fc4f5518.php 第 93 行.
INFO: Run Behavior\ParseTemplateBehavior [ RunTime:0.028002s ]
INFO: [ view_parse ] --END-- [ RunTime:0.028002s ]
INFO: [ view_filter ] --START--
INFO: Run Behavior\WriteHtmlCacheBehavior [ RunTime:0.000000s ]
INFO: [ view_filter ] --END-- [ RunTime:0.001000s ]
INFO: [ app_end ] --START--
INFO: Run Behavior\ShowPageTraceBehavior [ RunTime:0.001000s ]
INFO: [ app_end ] --END-- [ RunTime:0.001000s ]

[ 2017-09-20T10:27:57+08:00 ] 127.0.0.1 /tp3.2/Auth/new/edit.html?id=30
INFO: [ app_init ] --START--
INFO: Run Behavior\BuildLiteBehavior [ RunTime:0.000000s ]
INFO: [ app_init ] --END-- [ RunTime:0.001000s ]
INFO: [ app_begin ] --START--
INFO: Run Behavior\ReadHtmlCacheBehavior [ RunTime:0.001000s ]
INFO: [ app_begin ] --END-- [ RunTime:0.001000s ]
NOTIC: [2048] Declaration of Auth\Controller\NewController::show() should be compatible with Think\Controller::show($content, $charset = '', $contentType = '', $prefix = '') D:\wamp\www\tp3.2\Application\Auth\Controller\NewController.class.php 第 14 行.
SQL: SHOW COLUMNS FROM `tbl_new_type` [ RunTime:0.0070s ]
SQL: SELECT * FROM `tbl_new_type` WHERE ( new_type_id = 0 )  [ RunTime:0.0020s ]
SQL: SELECT * FROM `tbl_new_type` WHERE ( new_type_id =1 )  [ RunTime:0.0010s ]
SQL: SHOW COLUMNS FROM `tbl_new` [ RunTime:0.0110s ]
SQL: SELECT * FROM `tbl_new` WHERE ( new_id =30 ) LIMIT 1   [ RunTime:0.0020s ]
INFO: [ view_parse ] --START--
INFO: [ template_filter ] --START--
INFO: Run Behavior\ContentReplaceBehavior [ RunTime:0.001000s ]
INFO: [ template_filter ] --END-- [ RunTime:0.001000s ]
INFO: Run Behavior\ParseTemplateBehavior [ RunTime:0.057003s ]
INFO: [ view_parse ] --END-- [ RunTime:0.057003s ]
INFO: [ view_filter ] --START--
INFO: Run Behavior\WriteHtmlCacheBehavior [ RunTime:0.001000s ]
INFO: [ view_filter ] --END-- [ RunTime:0.001000s ]
INFO: [ app_end ] --START--
INFO: Run Behavior\ShowPageTraceBehavior [ RunTime:0.001000s ]
INFO: [ app_end ] --END-- [ RunTime:0.001000s ]

[ 2017-09-20T10:28:07+08:00 ] 127.0.0.1 /tp3.2/Auth/new/save.html
INFO: [ app_init ] --START--
INFO: Run Behavior\BuildLiteBehavior [ RunTime:0.000000s ]
INFO: [ app_init ] --END-- [ RunTime:0.001000s ]
INFO: [ app_begin ] --START--
INFO: Run Behavior\ReadHtmlCacheBehavior [ RunTime:0.001001s ]
INFO: [ app_begin ] --END-- [ RunTime:0.001001s ]
NOTIC: [2048] Declaration of Auth\Controller\NewController::show() should be compatible with Think\Controller::show($content, $charset = '', $contentType = '', $prefix = '') D:\wamp\www\tp3.2\Application\Auth\Controller\NewController.class.php 第 14 行.
NOTIC: [8] Undefined index: new_key D:\wamp\www\tp3.2\Application\Auth\Controller\NewController.class.php 第 67 行.
SQL: SHOW COLUMNS FROM `tbl_new` [ RunTime:0.0100s ]
SQL: UPDATE `tbl_new` SET `new_type`='1',`new_title`='213',`new_auth`='3123',`new_describe`='12312312',`new_show`='0',`new_content`='<p>132313<br/></p>',`new_key`=NULL WHERE ( new_id = '30' ) [ RunTime:0.0150s ]
INFO: [ app_end ] --START--
INFO: Run Behavior\ShowPageTraceBehavior [ RunTime:0.001000s ]
INFO: [ app_end ] --END-- [ RunTime:0.001000s ]

[ 2017-09-20T10:28:10+08:00 ] 127.0.0.1 /tp3.2/Auth/New/index/v/3.0/p/2.html
INFO: [ app_init ] --START--
INFO: Run Behavior\BuildLiteBehavior [ RunTime:0.001000s ]
INFO: [ app_init ] --END-- [ RunTime:0.001000s ]
INFO: [ app_begin ] --START--
INFO: Run Behavior\ReadHtmlCacheBehavior [ RunTime:0.001000s ]
INFO: [ app_begin ] --END-- [ RunTime:0.001000s ]
NOTIC: [2048] Declaration of Auth\Controller\NewController::show() should be compatible with Think\Controller::show($content, $charset = '', $contentType = '', $prefix = '') D:\wamp\www\tp3.2\Application\Auth\Controller\NewController.class.php 第 14 行.
SQL: SHOW COLUMNS FROM `tbl_new` [ RunTime:0.0060s ]
SQL: SELECT COUNT(*) AS tp_count FROM tbl_new  as  a INNER JOIN tbl_new_type  as  b  on a.new_type = b.id  LIMIT 1   [ RunTime:0.0010s ]
SQL: SELECT * FROM tbl_new  as  a INNER JOIN tbl_new_type  as  b  on a.new_type = b.id  ORDER BY new_id desc LIMIT 10,10   [ RunTime:0.0060s ]
INFO: [ view_parse ] --START--
INFO: [ template_filter ] --START--
INFO: Run Behavior\ContentReplaceBehavior [ RunTime:0.000000s ]
INFO: [ template_filter ] --END-- [ RunTime:0.001000s ]
NOTIC: [8] Undefined index: nav_title D:\wamp\www\tp3.2\Application\Runtime\Cache\Auth\4ad7e1c0351babc8346e0cd6fc4f5518.php 第 93 行.
NOTIC: [8] Undefined index: nav_title D:\wamp\www\tp3.2\Application\Runtime\Cache\Auth\4ad7e1c0351babc8346e0cd6fc4f5518.php 第 93 行.
NOTIC: [8] Undefined index: nav_title D:\wamp\www\tp3.2\Application\Runtime\Cache\Auth\4ad7e1c0351babc8346e0cd6fc4f5518.php 第 93 行.
NOTIC: [8] Undefined index: nav_title D:\wamp\www\tp3.2\Application\Runtime\Cache\Auth\4ad7e1c0351babc8346e0cd6fc4f5518.php 第 93 行.
NOTIC: [8] Undefined index: nav_title D:\wamp\www\tp3.2\Application\Runtime\Cache\Auth\4ad7e1c0351babc8346e0cd6fc4f5518.php 第 93 行.
NOTIC: [8] Undefined index: nav_title D:\wamp\www\tp3.2\Application\Runtime\Cache\Auth\4ad7e1c0351babc8346e0cd6fc4f5518.php 第 93 行.
NOTIC: [8] Undefined index: nav_title D:\wamp\www\tp3.2\Application\Runtime\Cache\Auth\4ad7e1c0351babc8346e0cd6fc4f5518.php 第 93 行.
NOTIC: [8] Undefined index: nav_title D:\wamp\www\tp3.2\Application\Runtime\Cache\Auth\4ad7e1c0351babc8346e0cd6fc4f5518.php 第 93 行.
NOTIC: [8] Undefined index: nav_title D:\wamp\www\tp3.2\Application\Runtime\Cache\Auth\4ad7e1c0351babc8346e0cd6fc4f5518.php 第 93 行.
NOTIC: [8] Undefined index: nav_title D:\wamp\www\tp3.2\Application\Runtime\Cache\Auth\4ad7e1c0351babc8346e0cd6fc4f5518.php 第 93 行.
INFO: Run Behavior\ParseTemplateBehavior [ RunTime:0.025001s ]
INFO: [ view_parse ] --END-- [ RunTime:0.025001s ]
INFO: [ view_filter ] --START--
INFO: Run Behavior\WriteHtmlCacheBehavior [ RunTime:0.000000s ]
INFO: [ view_filter ] --END-- [ RunTime:0.000000s ]
INFO: [ app_end ] --START--
INFO: Run Behavior\ShowPageTraceBehavior [ RunTime:0.001000s ]
INFO: [ app_end ] --END-- [ RunTime:0.001000s ]

[ 2017-09-20T10:30:06+08:00 ] 127.0.0.1 /tp3.2/Auth/new/edit.html?id=30
INFO: [ app_init ] --START--
INFO: Run Behavior\BuildLiteBehavior [ RunTime:0.000000s ]
INFO: [ app_init ] --END-- [ RunTime:0.001000s ]
INFO: [ app_begin ] --START--
INFO: Run Behavior\ReadHtmlCacheBehavior [ RunTime:0.001000s ]
INFO: [ app_begin ] --END-- [ RunTime:0.001000s ]
NOTIC: [2048] Declaration of Auth\Controller\NewController::show() should be compatible with Think\Controller::show($content, $charset = '', $contentType = '', $prefix = '') D:\wamp\www\tp3.2\Application\Auth\Controller\NewController.class.php 第 14 行.
SQL: SHOW COLUMNS FROM `tbl_new_type` [ RunTime:0.0140s ]
SQL: SELECT * FROM `tbl_new_type` WHERE ( new_type_id = 0 )  [ RunTime:0.0010s ]
SQL: SELECT * FROM `tbl_new_type` WHERE ( new_type_id =1 )  [ RunTime:0.0020s ]
SQL: SHOW COLUMNS FROM `tbl_new` [ RunTime:0.0160s ]
SQL: SELECT * FROM `tbl_new` WHERE ( new_id =30 ) LIMIT 1   [ RunTime:0.0010s ]
INFO: [ view_parse ] --START--
INFO: [ template_filter ] --START--
INFO: Run Behavior\ContentReplaceBehavior [ RunTime:0.000000s ]
INFO: [ template_filter ] --END-- [ RunTime:0.000000s ]
INFO: Run Behavior\ParseTemplateBehavior [ RunTime:0.025001s ]
INFO: [ view_parse ] --END-- [ RunTime:0.026001s ]
INFO: [ view_filter ] --START--
INFO: Run Behavior\WriteHtmlCacheBehavior [ RunTime:0.001001s ]
INFO: [ view_filter ] --END-- [ RunTime:0.001001s ]
INFO: [ app_end ] --START--
INFO: Run Behavior\ShowPageTraceBehavior [ RunTime:0.001000s ]
INFO: [ app_end ] --END-- [ RunTime:0.001000s ]

[ 2017-09-20T10:30:10+08:00 ] 127.0.0.1 /tp3.2/Auth/new/save.html
INFO: [ app_init ] --START--
INFO: Run Behavior\BuildLiteBehavior [ RunTime:0.000000s ]
INFO: [ app_init ] --END-- [ RunTime:0.001000s ]
INFO: [ app_begin ] --START--
INFO: Run Behavior\ReadHtmlCacheBehavior [ RunTime:0.001000s ]
INFO: [ app_begin ] --END-- [ RunTime:0.001000s ]
NOTIC: [2048] Declaration of Auth\Controller\NewController::show() should be compatible with Think\Controller::show($content, $charset = '', $contentType = '', $prefix = '') D:\wamp\www\tp3.2\Application\Auth\Controller\NewController.class.php 第 14 行.
NOTIC: [8] Undefined index: new_key D:\wamp\www\tp3.2\Application\Auth\Controller\NewController.class.php 第 67 行.
SQL: SHOW COLUMNS FROM `tbl_new` [ RunTime:0.0060s ]
SQL: UPDATE `tbl_new` SET `new_type`='1',`new_title`='213',`new_auth`='3123',`new_describe`='12312312',`new_show`='1',`new_content`='<p>132313<br/></p>',`new_key`=NULL WHERE ( new_id = '30' ) [ RunTime:0.0100s ]

[ 2017-09-20T10:30:22+08:00 ] 127.0.0.1 /tp3.2/Auth/new/save.html
INFO: [ app_init ] --START--
INFO: Run Behavior\BuildLiteBehavior [ RunTime:0.000000s ]
INFO: [ app_init ] --END-- [ RunTime:0.001000s ]
INFO: [ app_begin ] --START--
INFO: Run Behavior\ReadHtmlCacheBehavior [ RunTime:0.001000s ]
INFO: [ app_begin ] --END-- [ RunTime:0.001000s ]
NOTIC: [2048] Declaration of Auth\Controller\NewController::show() should be compatible with Think\Controller::show($content, $charset = '', $contentType = '', $prefix = '') D:\wamp\www\tp3.2\Application\Auth\Controller\NewController.class.php 第 14 行.
NOTIC: [8] Undefined index: new_key D:\wamp\www\tp3.2\Application\Auth\Controller\NewController.class.php 第 67 行.
SQL: SHOW COLUMNS FROM `tbl_new` [ RunTime:0.0070s ]
SQL: UPDATE `tbl_new` SET `new_type`='1',`new_title`='213',`new_auth`='3123',`new_describe`='12312312',`new_show`='1',`new_content`='<p>132313<br/></p>',`new_key`=NULL WHERE ( new_id = '30' ) [ RunTime:0.0010s ]
INFO: [ app_end ] --START--
INFO: Run Behavior\ShowPageTraceBehavior [ RunTime:0.000000s ]
INFO: [ app_end ] --END-- [ RunTime:0.001000s ]

[ 2017-09-20T10:30:40+08:00 ] 127.0.0.1 /tp3.2/Auth/new/save.html
INFO: [ app_init ] --START--
INFO: Run Behavior\BuildLiteBehavior [ RunTime:0.000000s ]
INFO: [ app_init ] --END-- [ RunTime:0.001000s ]
INFO: [ app_begin ] --START--
INFO: Run Behavior\ReadHtmlCacheBehavior [ RunTime:0.001000s ]
INFO: [ app_begin ] --END-- [ RunTime:0.001000s ]
NOTIC: [2048] Declaration of Auth\Controller\NewController::show() should be compatible with Think\Controller::show($content, $charset = '', $contentType = '', $prefix = '') D:\wamp\www\tp3.2\Application\Auth\Controller\NewController.class.php 第 14 行.
NOTIC: [8] Undefined index: new_key D:\wamp\www\tp3.2\Application\Auth\Controller\NewController.class.php 第 67 行.
SQL: SHOW COLUMNS FROM `tbl_new` [ RunTime:0.0060s ]
SQL: UPDATE `tbl_new` SET `new_type`='1',`new_title`='213',`new_auth`='3123',`new_describe`='12312312',`new_show`='1',`new_content`='<p>132313<br/></p>',`new_key`=NULL WHERE ( new_id = '30' ) [ RunTime:0.0020s ]
INFO: [ app_end ] --START--
INFO: Run Behavior\ShowPageTraceBehavior [ RunTime:0.001000s ]
INFO: [ app_end ] --END-- [ RunTime:0.001000s ]

[ 2017-09-20T10:31:20+08:00 ] 127.0.0.1 /tp3.2/Auth/new/save.html
INFO: [ app_init ] --START--
INFO: Run Behavior\BuildLiteBehavior [ RunTime:0.000000s ]
INFO: [ app_init ] --END-- [ RunTime:0.001000s ]
INFO: [ app_begin ] --START--
INFO: Run Behavior\ReadHtmlCacheBehavior [ RunTime:0.001000s ]
INFO: [ app_begin ] --END-- [ RunTime:0.001000s ]
NOTIC: [2048] Declaration of Auth\Controller\NewController::show() should be compatible with Think\Controller::show($content, $charset = '', $contentType = '', $prefix = '') D:\wamp\www\tp3.2\Application\Auth\Controller\NewController.class.php 第 14 行.
NOTIC: [8] Undefined index: new_key D:\wamp\www\tp3.2\Application\Auth\Controller\NewController.class.php 第 67 行.
SQL: SHOW COLUMNS FROM `tbl_new` [ RunTime:0.0060s ]
SQL: UPDATE `tbl_new` SET `new_type`='1',`new_title`='213',`new_auth`='3123',`new_describe`='12312312',`new_show`='1',`new_content`='<p>132313<br/></p>',`new_key`=NULL WHERE ( new_id = '30' ) [ RunTime:0.0020s ]
INFO: [ app_end ] --START--
INFO: Run Behavior\ShowPageTraceBehavior [ RunTime:0.001000s ]
INFO: [ app_end ] --END-- [ RunTime:0.001000s ]

[ 2017-09-20T10:31:34+08:00 ] 127.0.0.1 /tp3.2/Auth/new/add.html
INFO: [ app_init ] --START--
INFO: Run Behavior\BuildLiteBehavior [ RunTime:0.000000s ]
INFO: [ app_init ] --END-- [ RunTime:0.001000s ]
INFO: [ app_begin ] --START--
INFO: Run Behavior\ReadHtmlCacheBehavior [ RunTime:0.001000s ]
INFO: [ app_begin ] --END-- [ RunTime:0.001000s ]
NOTIC: [2048] Declaration of Auth\Controller\NewController::show() should be compatible with Think\Controller::show($content, $charset = '', $contentType = '', $prefix = '') D:\wamp\www\tp3.2\Application\Auth\Controller\NewController.class.php 第 14 行.
SQL: SHOW COLUMNS FROM `tbl_new_type` [ RunTime:0.0070s ]
SQL: SELECT * FROM `tbl_new_type` WHERE ( new_type_id = 0 )  [ RunTime:0.0010s ]
SQL: SELECT * FROM `tbl_new_type` WHERE ( new_type_id =1 )  [ RunTime:0.0030s ]
INFO: [ view_parse ] --START--
INFO: [ template_filter ] --START--
INFO: Run Behavior\ContentReplaceBehavior [ RunTime:0.001000s ]
INFO: [ template_filter ] --END-- [ RunTime:0.001000s ]
INFO: Run Behavior\ParseTemplateBehavior [ RunTime:0.039002s ]
INFO: [ view_parse ] --END-- [ RunTime:0.039002s ]
INFO: [ view_filter ] --START--
INFO: Run Behavior\WriteHtmlCacheBehavior [ RunTime:0.004000s ]
INFO: [ view_filter ] --END-- [ RunTime:0.004000s ]
INFO: [ app_end ] --START--
INFO: Run Behavior\ShowPageTraceBehavior [ RunTime:0.001000s ]
INFO: [ app_end ] --END-- [ RunTime:0.002000s ]

[ 2017-09-20T10:31:47+08:00 ] 127.0.0.1 /tp3.2/Auth/new/save.html
INFO: [ app_init ] --START--
INFO: Run Behavior\BuildLiteBehavior [ RunTime:0.000000s ]
INFO: [ app_init ] --END-- [ RunTime:0.001000s ]
INFO: [ app_begin ] --START--
INFO: Run Behavior\ReadHtmlCacheBehavior [ RunTime:0.001000s ]
INFO: [ app_begin ] --END-- [ RunTime:0.001000s ]
NOTIC: [2048] Declaration of Auth\Controller\NewController::show() should be compatible with Think\Controller::show($content, $charset = '', $contentType = '', $prefix = '') D:\wamp\www\tp3.2\Application\Auth\Controller\NewController.class.php 第 14 行.
NOTIC: [8] Undefined index: id D:\wamp\www\tp3.2\Application\Auth\Controller\NewController.class.php 第 59 行.
NOTIC: [8] Undefined index: new_key D:\wamp\www\tp3.2\Application\Auth\Controller\NewController.class.php 第 76 行.
SQL: SHOW COLUMNS FROM `tbl_new` [ RunTime:0.0060s ]
SQL: INSERT INTO `tbl_new` (`new_type`,`new_title`,`new_auth`,`new_describe`,`new_show`,`new_content`,`new_key`) VALUES ('3','12313','123','12313','1','<p>21312312<br/></p>',NULL) [ RunTime:0.0020s ]

[ 2017-09-20T10:31:54+08:00 ] 127.0.0.1 /tp3.2/Auth/new/save.html
INFO: [ app_init ] --START--
INFO: Run Behavior\BuildLiteBehavior [ RunTime:0.000000s ]
INFO: [ app_init ] --END-- [ RunTime:0.001000s ]
INFO: [ app_begin ] --START--
INFO: Run Behavior\ReadHtmlCacheBehavior [ RunTime:0.001000s ]
INFO: [ app_begin ] --END-- [ RunTime:0.001000s ]
NOTIC: [2048] Declaration of Auth\Controller\NewController::show() should be compatible with Think\Controller::show($content, $charset = '', $contentType = '', $prefix = '') D:\wamp\www\tp3.2\Application\Auth\Controller\NewController.class.php 第 14 行.
NOTIC: [8] Undefined index: id D:\wamp\www\tp3.2\Application\Auth\Controller\NewController.class.php 第 59 行.
NOTIC: [8] Undefined index: new_key D:\wamp\www\tp3.2\Application\Auth\Controller\NewController.class.php 第 76 行.
SQL: SHOW COLUMNS FROM `tbl_new` [ RunTime:0.0070s ]
SQL: INSERT INTO `tbl_new` (`new_type`,`new_title`,`new_auth`,`new_describe`,`new_show`,`new_content`,`new_key`) VALUES ('3','12313','123','12313','1','<p>21312312<br/></p>',NULL) [ RunTime:0.0020s ]

[ 2017-09-20T10:31:58+08:00 ] 127.0.0.1 /tp3.2/Auth/New/index/v/3.0/p/1.html
INFO: [ app_init ] --START--
INFO: Run Behavior\BuildLiteBehavior [ RunTime:0.000000s ]
INFO: [ app_init ] --END-- [ RunTime:0.001000s ]
INFO: [ app_begin ] --START--
INFO: Run Behavior\ReadHtmlCacheBehavior [ RunTime:0.001000s ]
INFO: [ app_begin ] --END-- [ RunTime:0.002001s ]
NOTIC: [2048] Declaration of Auth\Controller\NewController::show() should be compatible with Think\Controller::show($content, $charset = '', $contentType = '', $prefix = '') D:\wamp\www\tp3.2\Application\Auth\Controller\NewController.class.php 第 14 行.
SQL: SHOW COLUMNS FROM `tbl_new` [ RunTime:0.0070s ]
SQL: SELECT COUNT(*) AS tp_count FROM tbl_new  as  a INNER JOIN tbl_new_type  as  b  on a.new_type = b.id  LIMIT 1   [ RunTime:0.0010s ]
SQL: SELECT * FROM tbl_new  as  a INNER JOIN tbl_new_type  as  b  on a.new_type = b.id  ORDER BY new_id desc LIMIT 0,10   [ RunTime:0.0260s ]
INFO: [ view_parse ] --START--
INFO: [ template_filter ] --START--
INFO: Run Behavior\ContentReplaceBehavior [ RunTime:0.000000s ]
INFO: [ template_filter ] --END-- [ RunTime:0.000000s ]
NOTIC: [8] Undefined index: nav_title D:\wamp\www\tp3.2\Application\Runtime\Cache\Auth\4ad7e1c0351babc8346e0cd6fc4f5518.php 第 93 行.
NOTIC: [8] Undefined index: nav_title D:\wamp\www\tp3.2\Application\Runtime\Cache\Auth\4ad7e1c0351babc8346e0cd6fc4f5518.php 第 93 行.
NOTIC: [8] Undefined index: nav_title D:\wamp\www\tp3.2\Application\Runtime\Cache\Auth\4ad7e1c0351babc8346e0cd6fc4f5518.php 第 93 行.
NOTIC: [8] Undefined index: nav_title D:\wamp\www\tp3.2\Application\Runtime\Cache\Auth\4ad7e1c0351babc8346e0cd6fc4f5518.php 第 93 行.
NOTIC: [8] Undefined index: nav_title D:\wamp\www\tp3.2\Application\Runtime\Cache\Auth\4ad7e1c0351babc8346e0cd6fc4f5518.php 第 93 行.
NOTIC: [8] Undefined index: nav_title D:\wamp\www\tp3.2\Application\Runtime\Cache\Auth\4ad7e1c0351babc8346e0cd6fc4f5518.php 第 93 行.
NOTIC: [8] Undefined index: nav_title D:\wamp\www\tp3.2\Application\Runtime\Cache\Auth\4ad7e1c0351babc8346e0cd6fc4f5518.php 第 93 行.
NOTIC: [8] Undefined index: nav_title D:\wamp\www\tp3.2\Application\Runtime\Cache\Auth\4ad7e1c0351babc8346e0cd6fc4f5518.php 第 93 行.
NOTIC: [8] Undefined index: nav_title D:\wamp\www\tp3.2\Application\Runtime\Cache\Auth\4ad7e1c0351babc8346e0cd6fc4f5518.php 第 93 行.
NOTIC: [8] Undefined index: nav_title D:\wamp\www\tp3.2\Application\Runtime\Cache\Auth\4ad7e1c0351babc8346e0cd6fc4f5518.php 第 93 行.
INFO: Run Behavior\ParseTemplateBehavior [ RunTime:0.036002s ]
INFO: [ view_parse ] --END-- [ RunTime:0.036002s ]
INFO: [ view_filter ] --START--
INFO: Run Behavior\WriteHtmlCacheBehavior [ RunTime:0.001000s ]
INFO: [ view_filter ] --END-- [ RunTime:0.001000s ]
INFO: [ app_end ] --START--
INFO: Run Behavior\ShowPageTraceBehavior [ RunTime:0.001000s ]
INFO: [ app_end ] --END-- [ RunTime:0.001000s ]

[ 2017-09-20T10:32:54+08:00 ] 127.0.0.1 /tp3.2/Auth/new/edit.html?id=42
INFO: [ app_init ] --START--
INFO: Run Behavior\BuildLiteBehavior [ RunTime:0.000000s ]
INFO: [ app_init ] --END-- [ RunTime:0.001000s ]
INFO: [ app_begin ] --START--
INFO: Run Behavior\ReadHtmlCacheBehavior [ RunTime:0.001000s ]
INFO: [ app_begin ] --END-- [ RunTime:0.002000s ]
NOTIC: [2048] Declaration of Auth\Controller\NewController::show() should be compatible with Think\Controller::show($content, $charset = '', $contentType = '', $prefix = '') D:\wamp\www\tp3.2\Application\Auth\Controller\NewController.class.php 第 14 行.
SQL: SHOW COLUMNS FROM `tbl_new_type` [ RunTime:0.0090s ]
SQL: SELECT * FROM `tbl_new_type` WHERE ( new_type_id = 0 )  [ RunTime:0.0010s ]
SQL: SELECT * FROM `tbl_new_type` WHERE ( new_type_id =1 )  [ RunTime:0.0010s ]
SQL: SHOW COLUMNS FROM `tbl_new` [ RunTime:0.0070s ]
SQL: SELECT * FROM `tbl_new` WHERE ( new_id =42 ) LIMIT 1   [ RunTime:0.0010s ]
INFO: [ view_parse ] --START--
INFO: [ template_filter ] --START--
INFO: Run Behavior\ContentReplaceBehavior [ RunTime:0.000000s ]
INFO: [ template_filter ] --END-- [ RunTime:0.000000s ]
INFO: Run Behavior\ParseTemplateBehavior [ RunTime:0.027002s ]
INFO: [ view_parse ] --END-- [ RunTime:0.028002s ]
INFO: [ view_filter ] --START--
INFO: Run Behavior\WriteHtmlCacheBehavior [ RunTime:0.001000s ]
INFO: [ view_filter ] --END-- [ RunTime:0.001000s ]
INFO: [ app_end ] --START--
INFO: Run Behavior\ShowPageTraceBehavior [ RunTime:0.001000s ]
INFO: [ app_end ] --END-- [ RunTime:0.002000s ]

[ 2017-09-20T10:32:59+08:00 ] 127.0.0.1 /tp3.2/Auth/new/save.html
INFO: [ app_init ] --START--
INFO: Run Behavior\BuildLiteBehavior [ RunTime:0.001000s ]
INFO: [ app_init ] --END-- [ RunTime:0.001000s ]
INFO: [ app_begin ] --START--
INFO: Run Behavior\ReadHtmlCacheBehavior [ RunTime:0.001000s ]
INFO: [ app_begin ] --END-- [ RunTime:0.002000s ]
NOTIC: [2048] Declaration of Auth\Controller\NewController::show() should be compatible with Think\Controller::show($content, $charset = '', $contentType = '', $prefix = '') D:\wamp\www\tp3.2\Application\Auth\Controller\NewController.class.php 第 14 行.
NOTIC: [8] Undefined index: new_key D:\wamp\www\tp3.2\Application\Auth\Controller\NewController.class.php 第 67 行.
SQL: SHOW COLUMNS FROM `tbl_new` [ RunTime:0.0060s ]
SQL: UPDATE `tbl_new` SET `new_type`='1',`new_title`='12313',`new_auth`='123',`new_describe`='12313',`new_show`='0',`new_content`='<p>21312312<br/></p>',`new_key`=NULL WHERE ( new_id = '42' ) [ RunTime:0.0020s ]

[ 2017-09-20T10:33:02+08:00 ] 127.0.0.1 /tp3.2/Auth/new/save.html
INFO: [ app_init ] --START--
INFO: Run Behavior\BuildLiteBehavior [ RunTime:0.000000s ]
INFO: [ app_init ] --END-- [ RunTime:0.002000s ]
INFO: [ app_begin ] --START--
INFO: Run Behavior\ReadHtmlCacheBehavior [ RunTime:0.001000s ]
INFO: [ app_begin ] --END-- [ RunTime:0.001000s ]
NOTIC: [2048] Declaration of Auth\Controller\NewController::show() should be compatible with Think\Controller::show($content, $charset = '', $contentType = '', $prefix = '') D:\wamp\www\tp3.2\Application\Auth\Controller\NewController.class.php 第 14 行.
NOTIC: [8] Undefined index: new_key D:\wamp\www\tp3.2\Application\Auth\Controller\NewController.class.php 第 67 行.
SQL: SHOW COLUMNS FROM `tbl_new` [ RunTime:0.0130s ]
SQL: UPDATE `tbl_new` SET `new_type`='1',`new_title`='12313',`new_auth`='123',`new_describe`='12313',`new_show`='0',`new_content`='<p>21312312<br/></p>',`new_key`=NULL WHERE ( new_id = '42' ) [ RunTime:0.0020s ]
INFO: [ app_end ] --START--
INFO: Run Behavior\ShowPageTraceBehavior [ RunTime:0.001000s ]
INFO: [ app_end ] --END-- [ RunTime:0.001000s ]

[ 2017-09-20T10:33:06+08:00 ] 127.0.0.1 /tp3.2/Auth/new/save.html
INFO: [ app_init ] --START--
INFO: Run Behavior\BuildLiteBehavior [ RunTime:0.000000s ]
INFO: [ app_init ] --END-- [ RunTime:0.001000s ]
INFO: [ app_begin ] --START--
INFO: Run Behavior\ReadHtmlCacheBehavior [ RunTime:0.002000s ]
INFO: [ app_begin ] --END-- [ RunTime:0.002000s ]
NOTIC: [2048] Declaration of Auth\Controller\NewController::show() should be compatible with Think\Controller::show($content, $charset = '', $contentType = '', $prefix = '') D:\wamp\www\tp3.2\Application\Auth\Controller\NewController.class.php 第 14 行.
NOTIC: [8] Undefined index: new_key D:\wamp\www\tp3.2\Application\Auth\Controller\NewController.class.php 第 67 行.
SQL: SHOW COLUMNS FROM `tbl_new` [ RunTime:0.0050s ]
SQL: UPDATE `tbl_new` SET `new_type`='1',`new_title`='12313',`new_auth`='123',`new_describe`='12313',`new_show`='0',`new_content`='<p>21312312<br/></p>',`new_key`=NULL WHERE ( new_id = '42' ) [ RunTime:0.0010s ]
INFO: [ app_end ] --START--
INFO: Run Behavior\ShowPageTraceBehavior [ RunTime:0.000000s ]
INFO: [ app_end ] --END-- [ RunTime:0.001000s ]

[ 2017-09-20T10:33:31+08:00 ] 127.0.0.1 /tp3.2/Auth/new/save.html
INFO: [ app_init ] --START--
INFO: Run Behavior\BuildLiteBehavior [ RunTime:0.000000s ]
INFO: [ app_init ] --END-- [ RunTime:0.002000s ]
INFO: [ app_begin ] --START--
INFO: Run Behavior\ReadHtmlCacheBehavior [ RunTime:0.003000s ]
INFO: [ app_begin ] --END-- [ RunTime:0.003000s ]
NOTIC: [2048] Declaration of Auth\Controller\NewController::show() should be compatible with Think\Controller::show($content, $charset = '', $contentType = '', $prefix = '') D:\wamp\www\tp3.2\Application\Auth\Controller\NewController.class.php 第 14 行.
NOTIC: [8] Undefined index: new_key D:\wamp\www\tp3.2\Application\Auth\Controller\NewController.class.php 第 67 行.
SQL: SHOW COLUMNS FROM `tbl_new` [ RunTime:0.0060s ]
SQL: UPDATE `tbl_new` SET `new_type`='1',`new_title`='12313',`new_auth`='123',`new_describe`='12313',`new_show`='0',`new_content`='<p>21312312<br/></p>',`new_key`=NULL WHERE ( new_id = '42' ) [ RunTime:0.0010s ]
INFO: [ app_end ] --START--
INFO: Run Behavior\ShowPageTraceBehavior [ RunTime:0.001000s ]
INFO: [ app_end ] --END-- [ RunTime:0.001000s ]

[ 2017-09-20T10:33:35+08:00 ] 127.0.0.1 /tp3.2/Auth/new/edit.html?id=42
INFO: [ app_init ] --START--
INFO: Run Behavior\BuildLiteBehavior [ RunTime:0.000000s ]
INFO: [ app_init ] --END-- [ RunTime:0.002000s ]
INFO: [ app_begin ] --START--
INFO: Run Behavior\ReadHtmlCacheBehavior [ RunTime:0.001000s ]
INFO: [ app_begin ] --END-- [ RunTime:0.002000s ]
NOTIC: [2048] Declaration of Auth\Controller\NewController::show() should be compatible with Think\Controller::show($content, $charset = '', $contentType = '', $prefix = '') D:\wamp\www\tp3.2\Application\Auth\Controller\NewController.class.php 第 14 行.
SQL: SHOW COLUMNS FROM `tbl_new_type` [ RunTime:0.0310s ]
SQL: SELECT * FROM `tbl_new_type` WHERE ( new_type_id = 0 )  [ RunTime:0.0010s ]
SQL: SELECT * FROM `tbl_new_type` WHERE ( new_type_id =1 )  [ RunTime:0.0030s ]
SQL: SHOW COLUMNS FROM `tbl_new` [ RunTime:0.0070s ]
SQL: SELECT * FROM `tbl_new` WHERE ( new_id =42 ) LIMIT 1   [ RunTime:0.0010s ]
INFO: [ view_parse ] --START--
INFO: [ template_filter ] --START--
INFO: Run Behavior\ContentReplaceBehavior [ RunTime:0.001000s ]
INFO: [ template_filter ] --END-- [ RunTime:0.001000s ]
INFO: Run Behavior\ParseTemplateBehavior [ RunTime:0.045003s ]
INFO: [ view_parse ] --END-- [ RunTime:0.046003s ]
INFO: [ view_filter ] --START--
INFO: Run Behavior\WriteHtmlCacheBehavior [ RunTime:0.001000s ]
INFO: [ view_filter ] --END-- [ RunTime:0.001000s ]
INFO: [ app_end ] --START--
INFO: Run Behavior\ShowPageTraceBehavior [ RunTime:0.001000s ]
INFO: [ app_end ] --END-- [ RunTime:0.002000s ]

[ 2017-09-20T10:33:40+08:00 ] 127.0.0.1 /tp3.2/Auth/new/save.html
INFO: [ app_init ] --START--
INFO: Run Behavior\BuildLiteBehavior [ RunTime:0.000000s ]
INFO: [ app_init ] --END-- [ RunTime:0.001000s ]
INFO: [ app_begin ] --START--
INFO: Run Behavior\ReadHtmlCacheBehavior [ RunTime:0.001000s ]
INFO: [ app_begin ] --END-- [ RunTime:0.001000s ]
NOTIC: [2048] Declaration of Auth\Controller\NewController::show() should be compatible with Think\Controller::show($content, $charset = '', $contentType = '', $prefix = '') D:\wamp\www\tp3.2\Application\Auth\Controller\NewController.class.php 第 14 行.
NOTIC: [8] Undefined index: new_key D:\wamp\www\tp3.2\Application\Auth\Controller\NewController.class.php 第 67 行.
SQL: SHOW COLUMNS FROM `tbl_new` [ RunTime:0.0160s ]
SQL: UPDATE `tbl_new` SET `new_type`='1',`new_title`='12313',`new_auth`='123',`new_describe`='12313',`new_show`='0',`new_content`='<p>21312312<br/></p>',`new_key`=NULL WHERE ( new_id = '42' ) [ RunTime:0.0010s ]
INFO: [ app_end ] --START--
INFO: Run Behavior\ShowPageTraceBehavior [ RunTime:0.000000s ]
INFO: [ app_end ] --END-- [ RunTime:0.002000s ]

[ 2017-09-20T10:33:43+08:00 ] 127.0.0.1 /tp3.2/Auth/new/save.html
INFO: [ app_init ] --START--
INFO: Run Behavior\BuildLiteBehavior [ RunTime:0.000000s ]
INFO: [ app_init ] --END-- [ RunTime:0.001000s ]
INFO: [ app_begin ] --START--
INFO: Run Behavior\ReadHtmlCacheBehavior [ RunTime:0.001000s ]
INFO: [ app_begin ] --END-- [ RunTime:0.001000s ]
NOTIC: [2048] Declaration of Auth\Controller\NewController::show() should be compatible with Think\Controller::show($content, $charset = '', $contentType = '', $prefix = '') D:\wamp\www\tp3.2\Application\Auth\Controller\NewController.class.php 第 14 行.
NOTIC: [8] Undefined index: new_key D:\wamp\www\tp3.2\Application\Auth\Controller\NewController.class.php 第 67 行.
SQL: SHOW COLUMNS FROM `tbl_new` [ RunTime:0.0060s ]
SQL: UPDATE `tbl_new` SET `new_type`='1',`new_title`='12313',`new_auth`='123',`new_describe`='12313',`new_show`='0',`new_content`='<p>21312312<br/></p>',`new_key`=NULL WHERE ( new_id = '42' ) [ RunTime:0.0020s ]
INFO: [ app_end ] --START--
INFO: Run Behavior\ShowPageTraceBehavior [ RunTime:0.001000s ]
INFO: [ app_end ] --END-- [ RunTime:0.001000s ]

[ 2017-09-20T10:33:45+08:00 ] 127.0.0.1 /tp3.2/Auth/new/save.html
INFO: [ app_init ] --START--
INFO: Run Behavior\BuildLiteBehavior [ RunTime:0.000000s ]
INFO: [ app_init ] --END-- [ RunTime:0.001000s ]
INFO: [ app_begin ] --START--
INFO: Run Behavior\ReadHtmlCacheBehavior [ RunTime:0.001000s ]
INFO: [ app_begin ] --END-- [ RunTime:0.001000s ]
NOTIC: [2048] Declaration of Auth\Controller\NewController::show() should be compatible with Think\Controller::show($content, $charset = '', $contentType = '', $prefix = '') D:\wamp\www\tp3.2\Application\Auth\Controller\NewController.class.php 第 14 行.
NOTIC: [8] Undefined index: new_key D:\wamp\www\tp3.2\Application\Auth\Controller\NewController.class.php 第 67 行.
SQL: SHOW COLUMNS FROM `tbl_new` [ RunTime:0.0060s ]
SQL: UPDATE `tbl_new` SET `new_type`='1',`new_title`='12313',`new_auth`='123',`new_describe`='12313',`new_show`='0',`new_content`='<p>21312312<br/></p>',`new_key`=NULL WHERE ( new_id = '42' ) [ RunTime:0.0020s ]
INFO: [ app_end ] --START--
INFO: Run Behavior\ShowPageTraceBehavior [ RunTime:0.001000s ]
INFO: [ app_end ] --END-- [ RunTime:0.001000s ]

[ 2017-09-20T10:34:17+08:00 ] 127.0.0.1 /tp3.2/Auth/new/edit.html?id=42
INFO: [ app_init ] --START--
INFO: Run Behavior\BuildLiteBehavior [ RunTime:0.000000s ]
INFO: [ app_init ] --END-- [ RunTime:0.001000s ]
INFO: [ app_begin ] --START--
INFO: Run Behavior\ReadHtmlCacheBehavior [ RunTime:0.001000s ]
INFO: [ app_begin ] --END-- [ RunTime:0.001000s ]
NOTIC: [2048] Declaration of Auth\Controller\NewController::show() should be compatible with Think\Controller::show($content, $charset = '', $contentType = '', $prefix = '') D:\wamp\www\tp3.2\Application\Auth\Controller\NewController.class.php 第 14 行.
SQL: SHOW COLUMNS FROM `tbl_new_type` [ RunTime:0.0120s ]
SQL: SELECT * FROM `tbl_new_type` WHERE ( new_type_id = 0 )  [ RunTime:0.0010s ]
SQL: SELECT * FROM `tbl_new_type` WHERE ( new_type_id =1 )  [ RunTime:0.0010s ]
SQL: SHOW COLUMNS FROM `tbl_new` [ RunTime:0.0060s ]
SQL: SELECT * FROM `tbl_new` WHERE ( new_id =42 ) LIMIT 1   [ RunTime:0.0010s ]
INFO: [ view_parse ] --START--
INFO: [ template_filter ] --START--
INFO: Run Behavior\ContentReplaceBehavior [ RunTime:0.000000s ]
INFO: [ template_filter ] --END-- [ RunTime:0.000000s ]
INFO: Run Behavior\ParseTemplateBehavior [ RunTime:0.032002s ]
INFO: [ view_parse ] --END-- [ RunTime:0.032002s ]
INFO: [ view_filter ] --START--
INFO: Run Behavior\WriteHtmlCacheBehavior [ RunTime:0.001000s ]
INFO: [ view_filter ] --END-- [ RunTime:0.001000s ]
INFO: [ app_end ] --START--
INFO: Run Behavior\ShowPageTraceBehavior [ RunTime:0.001000s ]
INFO: [ app_end ] --END-- [ RunTime:0.001000s ]

[ 2017-09-20T10:34:22+08:00 ] 127.0.0.1 /tp3.2/Auth/new/save.html
INFO: [ app_init ] --START--
INFO: Run Behavior\BuildLiteBehavior [ RunTime:0.000000s ]
INFO: [ app_init ] --END-- [ RunTime:0.001000s ]
INFO: [ app_begin ] --START--
INFO: Run Behavior\ReadHtmlCacheBehavior [ RunTime:0.001000s ]
INFO: [ app_begin ] --END-- [ RunTime:0.001000s ]
NOTIC: [2048] Declaration of Auth\Controller\NewController::show() should be compatible with Think\Controller::show($content, $charset = '', $contentType = '', $prefix = '') D:\wamp\www\tp3.2\Application\Auth\Controller\NewController.class.php 第 14 行.
NOTIC: [8] Undefined index: new_key D:\wamp\www\tp3.2\Application\Auth\Controller\NewController.class.php 第 67 行.
SQL: SHOW COLUMNS FROM `tbl_new` [ RunTime:0.0090s ]
SQL: UPDATE `tbl_new` SET `new_type`='1',`new_title`='12313',`new_auth`='123',`new_describe`='12313',`new_show`='0',`new_content`='<p>21312312<br/></p>',`new_key`=NULL WHERE ( new_id = '42' ) [ RunTime:0.0020s ]
INFO: [ app_end ] --START--
INFO: Run Behavior\ShowPageTraceBehavior [ RunTime:0.001000s ]
INFO: [ app_end ] --END-- [ RunTime:0.002000s ]

[ 2017-09-20T10:34:24+08:00 ] 127.0.0.1 /tp3.2/Auth/new/save.html
INFO: [ app_init ] --START--
INFO: Run Behavior\BuildLiteBehavior [ RunTime:0.000000s ]
INFO: [ app_init ] --END-- [ RunTime:0.004000s ]
INFO: [ app_begin ] --START--
INFO: Run Behavior\ReadHtmlCacheBehavior [ RunTime:0.001000s ]
INFO: [ app_begin ] --END-- [ RunTime:0.001000s ]
NOTIC: [2048] Declaration of Auth\Controller\NewController::show() should be compatible with Think\Controller::show($content, $charset = '', $contentType = '', $prefix = '') D:\wamp\www\tp3.2\Application\Auth\Controller\NewController.class.php 第 14 行.
NOTIC: [8] Undefined index: new_key D:\wamp\www\tp3.2\Application\Auth\Controller\NewController.class.php 第 67 行.
SQL: SHOW COLUMNS FROM `tbl_new` [ RunTime:0.0060s ]
SQL: UPDATE `tbl_new` SET `new_type`='1',`new_title`='12313',`new_auth`='123',`new_describe`='12313',`new_show`='0',`new_content`='<p>21312312<br/></p>',`new_key`=NULL WHERE ( new_id = '42' ) [ RunTime:0.0020s ]
INFO: [ app_end ] --START--
INFO: Run Behavior\ShowPageTraceBehavior [ RunTime:0.001000s ]
INFO: [ app_end ] --END-- [ RunTime:0.001000s ]

[ 2017-09-20T10:34:29+08:00 ] 127.0.0.1 /tp3.2/Auth/new/save.html
INFO: [ app_init ] --START--
INFO: Run Behavior\BuildLiteBehavior [ RunTime:0.000000s ]
INFO: [ app_init ] --END-- [ RunTime:0.001000s ]
INFO: [ app_begin ] --START--
INFO: Run Behavior\ReadHtmlCacheBehavior [ RunTime:0.001001s ]
INFO: [ app_begin ] --END-- [ RunTime:0.001001s ]
NOTIC: [2048] Declaration of Auth\Controller\NewController::show() should be compatible with Think\Controller::show($content, $charset = '', $contentType = '', $prefix = '') D:\wamp\www\tp3.2\Application\Auth\Controller\NewController.class.php 第 14 行.
NOTIC: [8] Undefined index: new_key D:\wamp\www\tp3.2\Application\Auth\Controller\NewController.class.php 第 67 行.
SQL: SHOW COLUMNS FROM `tbl_new` [ RunTime:0.0050s ]
SQL: UPDATE `tbl_new` SET `new_type`='1',`new_title`='12313',`new_auth`='123',`new_describe`='12313',`new_show`='0',`new_content`='<p>2131231221321<br/></p>',`new_key`=NULL WHERE ( new_id = '42' ) [ RunTime:0.0010s ]

[ 2017-09-20T10:43:48+08:00 ] 127.0.0.1 /tp3.2/Auth/new/edit.html?id=42
INFO: [ app_init ] --START--
INFO: Run Behavior\BuildLiteBehavior [ RunTime:0.000000s ]
INFO: [ app_init ] --END-- [ RunTime:0.002000s ]
INFO: [ app_begin ] --START--
INFO: Run Behavior\ReadHtmlCacheBehavior [ RunTime:0.002000s ]
INFO: [ app_begin ] --END-- [ RunTime:0.002000s ]
NOTIC: [2048] Declaration of Auth\Controller\NewController::show() should be compatible with Think\Controller::show($content, $charset = '', $contentType = '', $prefix = '') D:\wamp\www\tp3.2\Application\Auth\Controller\NewController.class.php 第 14 行.
SQL: SHOW COLUMNS FROM `tbl_new_type` [ RunTime:0.0180s ]
SQL: SELECT * FROM `tbl_new_type` WHERE ( new_type_id = 0 )  [ RunTime:0.0010s ]
SQL: SELECT * FROM `tbl_new_type` WHERE ( new_type_id =1 )  [ RunTime:0.0020s ]
SQL: SHOW COLUMNS FROM `tbl_new` [ RunTime:0.0080s ]
SQL: SELECT * FROM `tbl_new` WHERE ( new_id =42 ) LIMIT 1   [ RunTime:0.0010s ]
INFO: [ view_parse ] --START--
INFO: [ template_filter ] --START--
INFO: Run Behavior\ContentReplaceBehavior [ RunTime:0.000000s ]
INFO: [ template_filter ] --END-- [ RunTime:0.000000s ]
INFO: Run Behavior\ParseTemplateBehavior [ RunTime:0.025001s ]
INFO: [ view_parse ] --END-- [ RunTime:0.025001s ]
INFO: [ view_filter ] --START--
INFO: Run Behavior\WriteHtmlCacheBehavior [ RunTime:0.001000s ]
INFO: [ view_filter ] --END-- [ RunTime:0.001000s ]
INFO: [ app_end ] --START--
INFO: Run Behavior\ShowPageTraceBehavior [ RunTime:0.001000s ]
INFO: [ app_end ] --END-- [ RunTime:0.001000s ]

[ 2017-09-20T10:43:54+08:00 ] 127.0.0.1 /tp3.2/Auth/new/save.html
INFO: [ app_init ] --START--
INFO: Run Behavior\BuildLiteBehavior [ RunTime:0.001000s ]
INFO: [ app_init ] --END-- [ RunTime:0.002000s ]
INFO: [ app_begin ] --START--
INFO: Run Behavior\ReadHtmlCacheBehavior [ RunTime:0.001000s ]
INFO: [ app_begin ] --END-- [ RunTime:0.001000s ]
NOTIC: [2048] Declaration of Auth\Controller\NewController::show() should be compatible with Think\Controller::show($content, $charset = '', $contentType = '', $prefix = '') D:\wamp\www\tp3.2\Application\Auth\Controller\NewController.class.php 第 14 行.
NOTIC: [8] Undefined index: new_key D:\wamp\www\tp3.2\Application\Auth\Controller\NewController.class.php 第 67 行.
SQL: SHOW COLUMNS FROM `tbl_new` [ RunTime:0.0070s ]
SQL: UPDATE `tbl_new` SET `new_type`='1',`new_title`='12313',`new_auth`='123',`new_describe`='12313',`new_show`='0',`new_content`='<p>2131231221321<br/></p>',`new_key`=NULL WHERE ( new_id = '42' ) [ RunTime:0.0020s ]
INFO: [ app_end ] --START--
INFO: Run Behavior\ShowPageTraceBehavior [ RunTime:0.001000s ]
INFO: [ app_end ] --END-- [ RunTime:0.001000s ]

[ 2017-09-20T10:43:55+08:00 ] 127.0.0.1 /tp3.2/Auth/new/save.html
INFO: [ app_init ] --START--
INFO: Run Behavior\BuildLiteBehavior [ RunTime:0.000000s ]
INFO: [ app_init ] --END-- [ RunTime:0.001000s ]
INFO: [ app_begin ] --START--
INFO: Run Behavior\ReadHtmlCacheBehavior [ RunTime:0.002000s ]
INFO: [ app_begin ] --END-- [ RunTime:0.002000s ]
NOTIC: [2048] Declaration of Auth\Controller\NewController::show() should be compatible with Think\Controller::show($content, $charset = '', $contentType = '', $prefix = '') D:\wamp\www\tp3.2\Application\Auth\Controller\NewController.class.php 第 14 行.
NOTIC: [8] Undefined index: new_key D:\wamp\www\tp3.2\Application\Auth\Controller\NewController.class.php 第 67 行.
SQL: SHOW COLUMNS FROM `tbl_new` [ RunTime:0.0060s ]
SQL: UPDATE `tbl_new` SET `new_type`='1',`new_title`='12313',`new_auth`='123',`new_describe`='12313',`new_show`='0',`new_content`='<p>2131231221321<br/></p>',`new_key`=NULL WHERE ( new_id = '42' ) [ RunTime:0.0020s ]
INFO: [ app_end ] --START--
INFO: Run Behavior\ShowPageTraceBehavior [ RunTime:0.001000s ]
INFO: [ app_end ] --END-- [ RunTime:0.001000s ]

[ 2017-09-20T10:43:56+08:00 ] 127.0.0.1 /tp3.2/Auth/new/save.html
INFO: [ app_init ] --START--
INFO: Run Behavior\BuildLiteBehavior [ RunTime:0.001000s ]
INFO: [ app_init ] --END-- [ RunTime:0.001000s ]
INFO: [ app_begin ] --START--
INFO: Run Behavior\ReadHtmlCacheBehavior [ RunTime:0.001000s ]
INFO: [ app_begin ] --END-- [ RunTime:0.002000s ]
NOTIC: [2048] Declaration of Auth\Controller\NewController::show() should be compatible with Think\Controller::show($content, $charset = '', $contentType = '', $prefix = '') D:\wamp\www\tp3.2\Application\Auth\Controller\NewController.class.php 第 14 行.
NOTIC: [8] Undefined index: new_key D:\wamp\www\tp3.2\Application\Auth\Controller\NewController.class.php 第 67 行.
SQL: SHOW COLUMNS FROM `tbl_new` [ RunTime:0.0050s ]
SQL: UPDATE `tbl_new` SET `new_type`='1',`new_title`='12313',`new_auth`='123',`new_describe`='12313',`new_show`='0',`new_content`='<p>2131231221321<br/></p>',`new_key`=NULL WHERE ( new_id = '42' ) [ RunTime:0.0020s ]
INFO: [ app_end ] --START--
INFO: Run Behavior\ShowPageTraceBehavior [ RunTime:0.001000s ]
INFO: [ app_end ] --END-- [ RunTime:0.001000s ]

[ 2017-09-20T10:43:57+08:00 ] 127.0.0.1 /tp3.2/Auth/new/save.html
INFO: [ app_init ] --START--
INFO: Run Behavior\BuildLiteBehavior [ RunTime:0.000000s ]
INFO: [ app_init ] --END-- [ RunTime:0.001000s ]
INFO: [ app_begin ] --START--
INFO: Run Behavior\ReadHtmlCacheBehavior [ RunTime:0.001000s ]
INFO: [ app_begin ] --END-- [ RunTime:0.002000s ]
NOTIC: [2048] Declaration of Auth\Controller\NewController::show() should be compatible with Think\Controller::show($content, $charset = '', $contentType = '', $prefix = '') D:\wamp\www\tp3.2\Application\Auth\Controller\NewController.class.php 第 14 行.
NOTIC: [8] Undefined index: new_key D:\wamp\www\tp3.2\Application\Auth\Controller\NewController.class.php 第 67 行.
SQL: SHOW COLUMNS FROM `tbl_new` [ RunTime:0.0070s ]
SQL: UPDATE `tbl_new` SET `new_type`='1',`new_title`='12313',`new_auth`='123',`new_describe`='12313',`new_show`='0',`new_content`='<p>2131231221321<br/></p>',`new_key`=NULL WHERE ( new_id = '42' ) [ RunTime:0.0020s ]
INFO: [ app_end ] --START--
INFO: Run Behavior\ShowPageTraceBehavior [ RunTime:0.001000s ]
INFO: [ app_end ] --END-- [ RunTime:0.001000s ]

[ 2017-09-20T10:43:58+08:00 ] 127.0.0.1 /tp3.2/Auth/new/save.html
INFO: [ app_init ] --START--
INFO: Run Behavior\BuildLiteBehavior [ RunTime:0.000000s ]
INFO: [ app_init ] --END-- [ RunTime:0.000000s ]
INFO: [ app_begin ] --START--
INFO: Run Behavior\ReadHtmlCacheBehavior [ RunTime:0.001000s ]
INFO: [ app_begin ] --END-- [ RunTime:0.001000s ]
NOTIC: [2048] Declaration of Auth\Controller\NewController::show() should be compatible with Think\Controller::show($content, $charset = '', $contentType = '', $prefix = '') D:\wamp\www\tp3.2\Application\Auth\Controller\NewController.class.php 第 14 行.
NOTIC: [8] Undefined index: new_key D:\wamp\www\tp3.2\Application\Auth\Controller\NewController.class.php 第 67 行.
SQL: SHOW COLUMNS FROM `tbl_new` [ RunTime:0.0070s ]
SQL: UPDATE `tbl_new` SET `new_type`='1',`new_title`='12313',`new_auth`='123',`new_describe`='12313',`new_show`='0',`new_content`='<p>2131231221321<br/></p>',`new_key`=NULL WHERE ( new_id = '42' ) [ RunTime:0.0020s ]
INFO: [ app_end ] --START--
INFO: Run Behavior\ShowPageTraceBehavior [ RunTime:0.001000s ]
INFO: [ app_end ] --END-- [ RunTime:0.002000s ]

[ 2017-09-20T10:44:04+08:00 ] 127.0.0.1 /tp3.2/Auth/New/index/v/3.0/p/1.html
INFO: [ app_init ] --START--
INFO: Run Behavior\BuildLiteBehavior [ RunTime:0.000000s ]
INFO: [ app_init ] --END-- [ RunTime:0.002000s ]
INFO: [ app_begin ] --START--
INFO: Run Behavior\ReadHtmlCacheBehavior [ RunTime:0.001001s ]
INFO: [ app_begin ] --END-- [ RunTime:0.001001s ]
NOTIC: [2048] Declaration of Auth\Controller\NewController::show() should be compatible with Think\Controller::show($content, $charset = '', $contentType = '', $prefix = '') D:\wamp\www\tp3.2\Application\Auth\Controller\NewController.class.php 第 14 行.
SQL: SHOW COLUMNS FROM `tbl_new` [ RunTime:0.0080s ]
SQL: SELECT COUNT(*) AS tp_count FROM tbl_new  as  a INNER JOIN tbl_new_type  as  b  on a.new_type = b.id  LIMIT 1   [ RunTime:0.0010s ]
SQL: SELECT * FROM tbl_new  as  a INNER JOIN tbl_new_type  as  b  on a.new_type = b.id  ORDER BY new_id desc LIMIT 0,10   [ RunTime:0.0080s ]
INFO: [ view_parse ] --START--
INFO: [ template_filter ] --START--
INFO: Run Behavior\ContentReplaceBehavior [ RunTime:0.001000s ]
INFO: [ template_filter ] --END-- [ RunTime:0.001000s ]
NOTIC: [8] Undefined index: nav_title D:\wamp\www\tp3.2\Application\Runtime\Cache\Auth\4ad7e1c0351babc8346e0cd6fc4f5518.php 第 93 行.
NOTIC: [8] Undefined index: nav_title D:\wamp\www\tp3.2\Application\Runtime\Cache\Auth\4ad7e1c0351babc8346e0cd6fc4f5518.php 第 93 行.
NOTIC: [8] Undefined index: nav_title D:\wamp\www\tp3.2\Application\Runtime\Cache\Auth\4ad7e1c0351babc8346e0cd6fc4f5518.php 第 93 行.
NOTIC: [8] Undefined index: nav_title D:\wamp\www\tp3.2\Application\Runtime\Cache\Auth\4ad7e1c0351babc8346e0cd6fc4f5518.php 第 93 行.
NOTIC: [8] Undefined index: nav_title D:\wamp\www\tp3.2\Application\Runtime\Cache\Auth\4ad7e1c0351babc8346e0cd6fc4f5518.php 第 93 行.
NOTIC: [8] Undefined index: nav_title D:\wamp\www\tp3.2\Application\Runtime\Cache\Auth\4ad7e1c0351babc8346e0cd6fc4f5518.php 第 93 行.
NOTIC: [8] Undefined index: nav_title D:\wamp\www\tp3.2\Application\Runtime\Cache\Auth\4ad7e1c0351babc8346e0cd6fc4f5518.php 第 93 行.
NOTIC: [8] Undefined index: nav_title D:\wamp\www\tp3.2\Application\Runtime\Cache\Auth\4ad7e1c0351babc8346e0cd6fc4f5518.php 第 93 行.
NOTIC: [8] Undefined index: nav_title D:\wamp\www\tp3.2\Application\Runtime\Cache\Auth\4ad7e1c0351babc8346e0cd6fc4f5518.php 第 93 行.
NOTIC: [8] Undefined index: nav_title D:\wamp\www\tp3.2\Application\Runtime\Cache\Auth\4ad7e1c0351babc8346e0cd6fc4f5518.php 第 93 行.
INFO: Run Behavior\ParseTemplateBehavior [ RunTime:0.052003s ]
INFO: [ view_parse ] --END-- [ RunTime:0.052003s ]
INFO: [ view_filter ] --START--
INFO: Run Behavior\WriteHtmlCacheBehavior [ RunTime:0.001000s ]
INFO: [ view_filter ] --END-- [ RunTime:0.001000s ]
INFO: [ app_end ] --START--
INFO: Run Behavior\ShowPageTraceBehavior [ RunTime:0.001000s ]
INFO: [ app_end ] --END-- [ RunTime:0.002000s ]

[ 2017-09-20T10:44:08+08:00 ] 127.0.0.1 /tp3.2/Auth/new/edit.html?id=42
INFO: [ app_init ] --START--
INFO: Run Behavior\BuildLiteBehavior [ RunTime:0.000000s ]
INFO: [ app_init ] --END-- [ RunTime:0.001000s ]
INFO: [ app_begin ] --START--
INFO: Run Behavior\ReadHtmlCacheBehavior [ RunTime:0.001000s ]
INFO: [ app_begin ] --END-- [ RunTime:0.001000s ]
NOTIC: [2048] Declaration of Auth\Controller\NewController::show() should be compatible with Think\Controller::show($content, $charset = '', $contentType = '', $prefix = '') D:\wamp\www\tp3.2\Application\Auth\Controller\NewController.class.php 第 14 行.
SQL: SHOW COLUMNS FROM `tbl_new_type` [ RunTime:0.0080s ]
SQL: SELECT * FROM `tbl_new_type` WHERE ( new_type_id = 0 )  [ RunTime:0.0010s ]
SQL: SELECT * FROM `tbl_new_type` WHERE ( new_type_id =1 )  [ RunTime:0.0010s ]
SQL: SHOW COLUMNS FROM `tbl_new` [ RunTime:0.0060s ]
SQL: SELECT * FROM `tbl_new` WHERE ( new_id =42 ) LIMIT 1   [ RunTime:0.0010s ]
INFO: [ view_parse ] --START--
INFO: [ template_filter ] --START--
INFO: Run Behavior\ContentReplaceBehavior [ RunTime:0.000000s ]
INFO: [ template_filter ] --END-- [ RunTime:0.001000s ]
INFO: Run Behavior\ParseTemplateBehavior [ RunTime:0.027002s ]
INFO: [ view_parse ] --END-- [ RunTime:0.027002s ]
INFO: [ view_filter ] --START--
INFO: Run Behavior\WriteHtmlCacheBehavior [ RunTime:0.002000s ]
INFO: [ view_filter ] --END-- [ RunTime:0.003000s ]
INFO: [ app_end ] --START--
INFO: Run Behavior\ShowPageTraceBehavior [ RunTime:0.001000s ]
INFO: [ app_end ] --END-- [ RunTime:0.001000s ]

[ 2017-09-20T10:44:15+08:00 ] 127.0.0.1 /tp3.2/Auth/new/save.html
INFO: [ app_init ] --START--
INFO: Run Behavior\BuildLiteBehavior [ RunTime:0.000000s ]
INFO: [ app_init ] --END-- [ RunTime:0.001001s ]
INFO: [ app_begin ] --START--
INFO: Run Behavior\ReadHtmlCacheBehavior [ RunTime:0.001000s ]
INFO: [ app_begin ] --END-- [ RunTime:0.001000s ]
NOTIC: [2048] Declaration of Auth\Controller\NewController::show() should be compatible with Think\Controller::show($content, $charset = '', $contentType = '', $prefix = '') D:\wamp\www\tp3.2\Application\Auth\Controller\NewController.class.php 第 14 行.
NOTIC: [8] Undefined index: new_key D:\wamp\www\tp3.2\Application\Auth\Controller\NewController.class.php 第 67 行.
SQL: SHOW COLUMNS FROM `tbl_new` [ RunTime:0.0080s ]
SQL: UPDATE `tbl_new` SET `new_type`='1',`new_title`='12313',`new_auth`='123',`new_describe`='12313',`new_show`='1',`new_content`='<p>2131231221321<br/></p>',`new_key`=NULL WHERE ( new_id = '42' ) [ RunTime:0.0030s ]

[ 2017-09-20T10:44:19+08:00 ] 127.0.0.1 /tp3.2/Auth/new/save.html
INFO: [ app_init ] --START--
INFO: Run Behavior\BuildLiteBehavior [ RunTime:0.000000s ]
INFO: [ app_init ] --END-- [ RunTime:0.001000s ]
INFO: [ app_begin ] --START--
INFO: Run Behavior\ReadHtmlCacheBehavior [ RunTime:0.001000s ]
INFO: [ app_begin ] --END-- [ RunTime:0.001000s ]
NOTIC: [2048] Declaration of Auth\Controller\NewController::show() should be compatible with Think\Controller::show($content, $charset = '', $contentType = '', $prefix = '') D:\wamp\www\tp3.2\Application\Auth\Controller\NewController.class.php 第 14 行.
NOTIC: [8] Undefined index: new_key D:\wamp\www\tp3.2\Application\Auth\Controller\NewController.class.php 第 67 行.
SQL: SHOW COLUMNS FROM `tbl_new` [ RunTime:0.0060s ]
SQL: UPDATE `tbl_new` SET `new_type`='1',`new_title`='12313',`new_auth`='123',`new_describe`='12313',`new_show`='1',`new_content`='<p>2131231221321<br/></p>',`new_key`=NULL WHERE ( new_id = '42' ) [ RunTime:0.0020s ]
INFO: [ app_end ] --START--
INFO: Run Behavior\ShowPageTraceBehavior [ RunTime:0.000000s ]
INFO: [ app_end ] --END-- [ RunTime:0.002000s ]

[ 2017-09-20T10:44:20+08:00 ] 127.0.0.1 /tp3.2/Auth/new/save.html
INFO: [ app_init ] --START--
INFO: Run Behavior\BuildLiteBehavior [ RunTime:0.000000s ]
INFO: [ app_init ] --END-- [ RunTime:0.001000s ]
INFO: [ app_begin ] --START--
INFO: Run Behavior\ReadHtmlCacheBehavior [ RunTime:0.001000s ]
INFO: [ app_begin ] --END-- [ RunTime:0.001000s ]
NOTIC: [2048] Declaration of Auth\Controller\NewController::show() should be compatible with Think\Controller::show($content, $charset = '', $contentType = '', $prefix = '') D:\wamp\www\tp3.2\Application\Auth\Controller\NewController.class.php 第 14 行.
NOTIC: [8] Undefined index: new_key D:\wamp\www\tp3.2\Application\Auth\Controller\NewController.class.php 第 67 行.
SQL: SHOW COLUMNS FROM `tbl_new` [ RunTime:0.0060s ]
SQL: UPDATE `tbl_new` SET `new_type`='1',`new_title`='12313',`new_auth`='123',`new_describe`='12313',`new_show`='1',`new_content`='<p>2131231221321<br/></p>',`new_key`=NULL WHERE ( new_id = '42' ) [ RunTime:0.0020s ]
INFO: [ app_end ] --START--
INFO: Run Behavior\ShowPageTraceBehavior [ RunTime:0.001000s ]
INFO: [ app_end ] --END-- [ RunTime:0.001000s ]

[ 2017-09-20T10:44:21+08:00 ] 127.0.0.1 /tp3.2/Auth/new/save.html
INFO: [ app_init ] --START--
INFO: Run Behavior\BuildLiteBehavior [ RunTime:0.000000s ]
INFO: [ app_init ] --END-- [ RunTime:0.001000s ]
INFO: [ app_begin ] --START--
INFO: Run Behavior\ReadHtmlCacheBehavior [ RunTime:0.001000s ]
INFO: [ app_begin ] --END-- [ RunTime:0.001000s ]
NOTIC: [2048] Declaration of Auth\Controller\NewController::show() should be compatible with Think\Controller::show($content, $charset = '', $contentType = '', $prefix = '') D:\wamp\www\tp3.2\Application\Auth\Controller\NewController.class.php 第 14 行.
NOTIC: [8] Undefined index: new_key D:\wamp\www\tp3.2\Application\Auth\Controller\NewController.class.php 第 67 行.
SQL: SHOW COLUMNS FROM `tbl_new` [ RunTime:0.0070s ]
SQL: UPDATE `tbl_new` SET `new_type`='1',`new_title`='12313',`new_auth`='123',`new_describe`='12313',`new_show`='1',`new_content`='<p>2131231221321<br/></p>',`new_key`=NULL WHERE ( new_id = '42' ) [ RunTime:0.0030s ]
INFO: [ app_end ] --START--
INFO: Run Behavior\ShowPageTraceBehavior [ RunTime:0.001000s ]
INFO: [ app_end ] --END-- [ RunTime:0.001000s ]

[ 2017-09-20T10:44:21+08:00 ] 127.0.0.1 /tp3.2/Auth/new/save.html
INFO: [ app_init ] --START--
INFO: Run Behavior\BuildLiteBehavior [ RunTime:0.000000s ]
INFO: [ app_init ] --END-- [ RunTime:0.001000s ]
INFO: [ app_begin ] --START--
INFO: Run Behavior\ReadHtmlCacheBehavior [ RunTime:0.001000s ]
INFO: [ app_begin ] --END-- [ RunTime:0.001000s ]
NOTIC: [2048] Declaration of Auth\Controller\NewController::show() should be compatible with Think\Controller::show($content, $charset = '', $contentType = '', $prefix = '') D:\wamp\www\tp3.2\Application\Auth\Controller\NewController.class.php 第 14 行.
NOTIC: [8] Undefined index: new_key D:\wamp\www\tp3.2\Application\Auth\Controller\NewController.class.php 第 67 行.
SQL: SHOW COLUMNS FROM `tbl_new` [ RunTime:0.0060s ]
SQL: UPDATE `tbl_new` SET `new_type`='1',`new_title`='12313',`new_auth`='123',`new_describe`='12313',`new_show`='1',`new_content`='<p>2131231221321<br/></p>',`new_key`=NULL WHERE ( new_id = '42' ) [ RunTime:0.0020s ]
INFO: [ app_end ] --START--
INFO: Run Behavior\ShowPageTraceBehavior [ RunTime:0.001000s ]
INFO: [ app_end ] --END-- [ RunTime:0.001000s ]

[ 2017-09-20T10:44:22+08:00 ] 127.0.0.1 /tp3.2/Auth/new/save.html
INFO: [ app_init ] --START--
INFO: Run Behavior\BuildLiteBehavior [ RunTime:0.000000s ]
INFO: [ app_init ] --END-- [ RunTime:0.001000s ]
INFO: [ app_begin ] --START--
INFO: Run Behavior\ReadHtmlCacheBehavior [ RunTime:0.001000s ]
INFO: [ app_begin ] --END-- [ RunTime:0.001000s ]
NOTIC: [2048] Declaration of Auth\Controller\NewController::show() should be compatible with Think\Controller::show($content, $charset = '', $contentType = '', $prefix = '') D:\wamp\www\tp3.2\Application\Auth\Controller\NewController.class.php 第 14 行.
NOTIC: [8] Undefined index: new_key D:\wamp\www\tp3.2\Application\Auth\Controller\NewController.class.php 第 67 行.
SQL: SHOW COLUMNS FROM `tbl_new` [ RunTime:0.0060s ]
SQL: UPDATE `tbl_new` SET `new_type`='1',`new_title`='12313',`new_auth`='123',`new_describe`='12313',`new_show`='1',`new_content`='<p>2131231221321<br/></p>',`new_key`=NULL WHERE ( new_id = '42' ) [ RunTime:0.0020s ]
INFO: [ app_end ] --START--
INFO: Run Behavior\ShowPageTraceBehavior [ RunTime:0.001000s ]
INFO: [ app_end ] --END-- [ RunTime:0.001000s ]

[ 2017-09-20T10:48:50+08:00 ] 127.0.0.1 /tp3.2/Auth/new/edit.html?id=42
INFO: [ app_init ] --START--
INFO: Run Behavior\BuildLiteBehavior [ RunTime:0.000000s ]
INFO: [ app_init ] --END-- [ RunTime:0.001000s ]
INFO: [ app_begin ] --START--
INFO: Run Behavior\ReadHtmlCacheBehavior [ RunTime:0.002000s ]
INFO: [ app_begin ] --END-- [ RunTime:0.003000s ]
NOTIC: [2048] Declaration of Auth\Controller\NewController::show() should be compatible with Think\Controller::show($content, $charset = '', $contentType = '', $prefix = '') D:\wamp\www\tp3.2\Application\Auth\Controller\NewController.class.php 第 14 行.
SQL: SHOW COLUMNS FROM `tbl_new_type` [ RunTime:0.0070s ]
SQL: SELECT * FROM `tbl_new_type` WHERE ( new_type_id = 0 )  [ RunTime:0.0010s ]
SQL: SELECT * FROM `tbl_new_type` WHERE ( new_type_id =1 )  [ RunTime:0.0030s ]
SQL: SHOW COLUMNS FROM `tbl_new` [ RunTime:0.0080s ]
SQL: SELECT * FROM `tbl_new` WHERE ( new_id =42 ) LIMIT 1   [ RunTime:0.0010s ]
INFO: [ view_parse ] --START--
INFO: [ template_filter ] --START--
INFO: Run Behavior\ContentReplaceBehavior [ RunTime:0.001000s ]
INFO: [ template_filter ] --END-- [ RunTime:0.001000s ]
INFO: Run Behavior\ParseTemplateBehavior [ RunTime:0.039002s ]
INFO: [ view_parse ] --END-- [ RunTime:0.039002s ]
INFO: [ view_filter ] --START--
INFO: Run Behavior\WriteHtmlCacheBehavior [ RunTime:0.001000s ]
INFO: [ view_filter ] --END-- [ RunTime:0.001000s ]
INFO: [ app_end ] --START--
INFO: Run Behavior\ShowPageTraceBehavior [ RunTime:0.001000s ]
INFO: [ app_end ] --END-- [ RunTime:0.002001s ]

[ 2017-09-20T10:48:56+08:00 ] 127.0.0.1 /tp3.2/Auth/new/save.html
INFO: [ app_init ] --START--
INFO: Run Behavior\BuildLiteBehavior [ RunTime:0.001000s ]
INFO: [ app_init ] --END-- [ RunTime:0.001000s ]
INFO: [ app_begin ] --START--
INFO: Run Behavior\ReadHtmlCacheBehavior [ RunTime:0.001000s ]
INFO: [ app_begin ] --END-- [ RunTime:0.002000s ]
NOTIC: [2048] Declaration of Auth\Controller\NewController::show() should be compatible with Think\Controller::show($content, $charset = '', $contentType = '', $prefix = '') D:\wamp\www\tp3.2\Application\Auth\Controller\NewController.class.php 第 14 行.
NOTIC: [8] Undefined index: new_key D:\wamp\www\tp3.2\Application\Auth\Controller\NewController.class.php 第 67 行.
SQL: SHOW COLUMNS FROM `tbl_new` [ RunTime:0.0080s ]
SQL: UPDATE `tbl_new` SET `new_type`='1',`new_title`='12313',`new_auth`='123',`new_describe`='12313',`new_show`='1',`new_content`='<p>2131231221321<br/></p>',`new_key`=NULL WHERE ( new_id = '42' ) [ RunTime:0.0020s ]
INFO: [ app_end ] --START--
INFO: Run Behavior\ShowPageTraceBehavior [ RunTime:0.001000s ]
INFO: [ app_end ] --END-- [ RunTime:0.001000s ]

[ 2017-09-20T10:49:00+08:00 ] 127.0.0.1 /tp3.2/Auth/new/save.html
INFO: [ app_init ] --START--
INFO: Run Behavior\BuildLiteBehavior [ RunTime:0.000000s ]
INFO: [ app_init ] --END-- [ RunTime:0.001000s ]
INFO: [ app_begin ] --START--
INFO: Run Behavior\ReadHtmlCacheBehavior [ RunTime:0.001001s ]
INFO: [ app_begin ] --END-- [ RunTime:0.001001s ]
NOTIC: [2048] Declaration of Auth\Controller\NewController::show() should be compatible with Think\Controller::show($content, $charset = '', $contentType = '', $prefix = '') D:\wamp\www\tp3.2\Application\Auth\Controller\NewController.class.php 第 14 行.
NOTIC: [8] Undefined index: new_key D:\wamp\www\tp3.2\Application\Auth\Controller\NewController.class.php 第 67 行.
SQL: SHOW COLUMNS FROM `tbl_new` [ RunTime:0.0060s ]
SQL: UPDATE `tbl_new` SET `new_type`='1',`new_title`='12313',`new_auth`='123',`new_describe`='12313',`new_show`='1',`new_content`='<p>2131231221321<br/></p>',`new_key`=NULL WHERE ( new_id = '42' ) [ RunTime:0.0020s ]
INFO: [ app_end ] --START--
INFO: Run Behavior\ShowPageTraceBehavior [ RunTime:0.001000s ]
INFO: [ app_end ] --END-- [ RunTime:0.001000s ]

[ 2017-09-20T10:49:06+08:00 ] 127.0.0.1 /tp3.2/Auth/new/save.html
INFO: [ app_init ] --START--
INFO: Run Behavior\BuildLiteBehavior [ RunTime:0.001000s ]
INFO: [ app_init ] --END-- [ RunTime:0.001000s ]
INFO: [ app_begin ] --START--
INFO: Run Behavior\ReadHtmlCacheBehavior [ RunTime:0.001000s ]
INFO: [ app_begin ] --END-- [ RunTime:0.001000s ]
NOTIC: [2048] Declaration of Auth\Controller\NewController::show() should be compatible with Think\Controller::show($content, $charset = '', $contentType = '', $prefix = '') D:\wamp\www\tp3.2\Application\Auth\Controller\NewController.class.php 第 14 行.
NOTIC: [8] Undefined index: new_key D:\wamp\www\tp3.2\Application\Auth\Controller\NewController.class.php 第 67 行.
SQL: SHOW COLUMNS FROM `tbl_new` [ RunTime:0.0060s ]
SQL: UPDATE `tbl_new` SET `new_type`='1',`new_title`='12313',`new_auth`='123',`new_describe`='12313',`new_show`='1',`new_content`='<p>213123122132<br/></p>',`new_key`=NULL WHERE ( new_id = '42' ) [ RunTime:0.0010s ]

[ 2017-09-20T10:49:58+08:00 ] 127.0.0.1 /tp3.2/Auth/new/save.html
INFO: [ app_init ] --START--
INFO: Run Behavior\BuildLiteBehavior [ RunTime:0.000000s ]
INFO: [ app_init ] --END-- [ RunTime:0.002000s ]
INFO: [ app_begin ] --START--
INFO: Run Behavior\ReadHtmlCacheBehavior [ RunTime:0.001000s ]
INFO: [ app_begin ] --END-- [ RunTime:0.001000s ]
NOTIC: [2048] Declaration of Auth\Controller\NewController::show() should be compatible with Think\Controller::show($content, $charset = '', $contentType = '', $prefix = '') D:\wamp\www\tp3.2\Application\Auth\Controller\NewController.class.php 第 14 行.
NOTIC: [8] Undefined index: new_key D:\wamp\www\tp3.2\Application\Auth\Controller\NewController.class.php 第 67 行.
SQL: SHOW COLUMNS FROM `tbl_new` [ RunTime:0.0060s ]
SQL: UPDATE `tbl_new` SET `new_type`='1',`new_title`='12313',`new_auth`='123',`new_describe`='12313',`new_show`='1',`new_content`='<p>213123122132<br/></p>',`new_key`=NULL WHERE ( new_id = '42' ) [ RunTime:0.0020s ]
INFO: [ app_end ] --START--
INFO: Run Behavior\ShowPageTraceBehavior [ RunTime:0.001000s ]
INFO: [ app_end ] --END-- [ RunTime:0.001000s ]

[ 2017-09-20T10:50:01+08:00 ] 127.0.0.1 /tp3.2/Auth/new/save.html
INFO: [ app_init ] --START--
INFO: Run Behavior\BuildLiteBehavior [ RunTime:0.000000s ]
INFO: [ app_init ] --END-- [ RunTime:0.001000s ]
INFO: [ app_begin ] --START--
INFO: Run Behavior\ReadHtmlCacheBehavior [ RunTime:0.001000s ]
INFO: [ app_begin ] --END-- [ RunTime:0.001000s ]
NOTIC: [2048] Declaration of Auth\Controller\NewController::show() should be compatible with Think\Controller::show($content, $charset = '', $contentType = '', $prefix = '') D:\wamp\www\tp3.2\Application\Auth\Controller\NewController.class.php 第 14 行.
NOTIC: [8] Undefined index: new_key D:\wamp\www\tp3.2\Application\Auth\Controller\NewController.class.php 第 67 行.
SQL: SHOW COLUMNS FROM `tbl_new` [ RunTime:0.0070s ]
SQL: UPDATE `tbl_new` SET `new_type`='1',`new_title`='12313',`new_auth`='123',`new_describe`='12313',`new_show`='1',`new_content`='<p>213123122132<br/></p>',`new_key`=NULL WHERE ( new_id = '42' ) [ RunTime:0.0010s ]
INFO: [ app_end ] --START--
INFO: Run Behavior\ShowPageTraceBehavior [ RunTime:0.001000s ]
INFO: [ app_end ] --END-- [ RunTime:0.002000s ]

[ 2017-09-20T10:50:07+08:00 ] 127.0.0.1 /tp3.2/Auth/new/edit.html?id=42
INFO: [ app_init ] --START--
INFO: Run Behavior\BuildLiteBehavior [ RunTime:0.000000s ]
INFO: [ app_init ] --END-- [ RunTime:0.003000s ]
INFO: [ app_begin ] --START--
INFO: Run Behavior\ReadHtmlCacheBehavior [ RunTime:0.001000s ]
INFO: [ app_begin ] --END-- [ RunTime:0.001000s ]
NOTIC: [2048] Declaration of Auth\Controller\NewController::show() should be compatible with Think\Controller::show($content, $charset = '', $contentType = '', $prefix = '') D:\wamp\www\tp3.2\Application\Auth\Controller\NewController.class.php 第 14 行.
SQL: SHOW COLUMNS FROM `tbl_new_type` [ RunTime:0.0080s ]
SQL: SELECT * FROM `tbl_new_type` WHERE ( new_type_id = 0 )  [ RunTime:0.0010s ]
SQL: SELECT * FROM `tbl_new_type` WHERE ( new_type_id =1 )  [ RunTime:0.0010s ]
SQL: SHOW COLUMNS FROM `tbl_new` [ RunTime:0.0140s ]
SQL: SELECT * FROM `tbl_new` WHERE ( new_id =42 ) LIMIT 1   [ RunTime:0.0010s ]
INFO: [ view_parse ] --START--
INFO: [ template_filter ] --START--
INFO: Run Behavior\ContentReplaceBehavior [ RunTime:0.000000s ]
INFO: [ template_filter ] --END-- [ RunTime:0.001000s ]
INFO: Run Behavior\ParseTemplateBehavior [ RunTime:0.022001s ]
INFO: [ view_parse ] --END-- [ RunTime:0.022001s ]
INFO: [ view_filter ] --START--
INFO: Run Behavior\WriteHtmlCacheBehavior [ RunTime:0.001000s ]
INFO: [ view_filter ] --END-- [ RunTime:0.001000s ]
INFO: [ app_end ] --START--
INFO: Run Behavior\ShowPageTraceBehavior [ RunTime:0.006001s ]
INFO: [ app_end ] --END-- [ RunTime:0.006001s ]

[ 2017-09-20T10:50:11+08:00 ] 127.0.0.1 /tp3.2/Auth/new/save.html
INFO: [ app_init ] --START--
INFO: Run Behavior\BuildLiteBehavior [ RunTime:0.001000s ]
INFO: [ app_init ] --END-- [ RunTime:0.001000s ]
INFO: [ app_begin ] --START--
INFO: Run Behavior\ReadHtmlCacheBehavior [ RunTime:0.001000s ]
INFO: [ app_begin ] --END-- [ RunTime:0.001000s ]
NOTIC: [2048] Declaration of Auth\Controller\NewController::show() should be compatible with Think\Controller::show($content, $charset = '', $contentType = '', $prefix = '') D:\wamp\www\tp3.2\Application\Auth\Controller\NewController.class.php 第 14 行.
NOTIC: [8] Undefined index: new_key D:\wamp\www\tp3.2\Application\Auth\Controller\NewController.class.php 第 67 行.
SQL: SHOW COLUMNS FROM `tbl_new` [ RunTime:0.0070s ]
SQL: UPDATE `tbl_new` SET `new_type`='1',`new_title`='12313',`new_auth`='123',`new_describe`='12313',`new_show`='0',`new_content`='<p>213123122132<br/></p>',`new_key`=NULL WHERE ( new_id = '42' ) [ RunTime:0.0020s ]

[ 2017-09-20T10:50:14+08:00 ] 127.0.0.1 /tp3.2/Auth/new/save.html
INFO: [ app_init ] --START--
INFO: Run Behavior\BuildLiteBehavior [ RunTime:0.000000s ]
INFO: [ app_init ] --END-- [ RunTime:0.001000s ]
INFO: [ app_begin ] --START--
INFO: Run Behavior\ReadHtmlCacheBehavior [ RunTime:0.001000s ]
INFO: [ app_begin ] --END-- [ RunTime:0.001000s ]
NOTIC: [2048] Declaration of Auth\Controller\NewController::show() should be compatible with Think\Controller::show($content, $charset = '', $contentType = '', $prefix = '') D:\wamp\www\tp3.2\Application\Auth\Controller\NewController.class.php 第 14 行.
NOTIC: [8] Undefined index: new_key D:\wamp\www\tp3.2\Application\Auth\Controller\NewController.class.php 第 67 行.
SQL: SHOW COLUMNS FROM `tbl_new` [ RunTime:0.0060s ]
SQL: UPDATE `tbl_new` SET `new_type`='1',`new_title`='12313',`new_auth`='123',`new_describe`='12313',`new_show`='0',`new_content`='<p>213123122132<br/></p>',`new_key`=NULL WHERE ( new_id = '42' ) [ RunTime:0.0010s ]
INFO: [ app_end ] --START--
INFO: Run Behavior\ShowPageTraceBehavior [ RunTime:0.001000s ]
INFO: [ app_end ] --END-- [ RunTime:0.001000s ]

[ 2017-09-20T10:50:17+08:00 ] 127.0.0.1 /tp3.2/Auth/new/save.html
INFO: [ app_init ] --START--
INFO: Run Behavior\BuildLiteBehavior [ RunTime:0.000000s ]
INFO: [ app_init ] --END-- [ RunTime:0.001000s ]
INFO: [ app_begin ] --START--
INFO: Run Behavior\ReadHtmlCacheBehavior [ RunTime:0.000000s ]
INFO: [ app_begin ] --END-- [ RunTime:0.001000s ]
NOTIC: [2048] Declaration of Auth\Controller\NewController::show() should be compatible with Think\Controller::show($content, $charset = '', $contentType = '', $prefix = '') D:\wamp\www\tp3.2\Application\Auth\Controller\NewController.class.php 第 14 行.
NOTIC: [8] Undefined index: new_key D:\wamp\www\tp3.2\Application\Auth\Controller\NewController.class.php 第 67 行.
SQL: SHOW COLUMNS FROM `tbl_new` [ RunTime:0.0060s ]
SQL: UPDATE `tbl_new` SET `new_type`='1',`new_title`='12313',`new_auth`='123',`new_describe`='12313',`new_show`='0',`new_content`='<p>213123122132<br/></p>',`new_key`=NULL WHERE ( new_id = '42' ) [ RunTime:0.0010s ]
INFO: [ app_end ] --START--
INFO: Run Behavior\ShowPageTraceBehavior [ RunTime:0.001000s ]
INFO: [ app_end ] --END-- [ RunTime:0.001000s ]

[ 2017-09-20T10:50:27+08:00 ] 127.0.0.1 /tp3.2/Auth/New/index/v/3.0/p/1.html
INFO: [ app_init ] --START--
INFO: Run Behavior\BuildLiteBehavior [ RunTime:0.000000s ]
INFO: [ app_init ] --END-- [ RunTime:0.001000s ]
INFO: [ app_begin ] --START--
INFO: Run Behavior\ReadHtmlCacheBehavior [ RunTime:0.001000s ]
INFO: [ app_begin ] --END-- [ RunTime:0.001000s ]
NOTIC: [2048] Declaration of Auth\Controller\NewController::show() should be compatible with Think\Controller::show($content, $charset = '', $contentType = '', $prefix = '') D:\wamp\www\tp3.2\Application\Auth\Controller\NewController.class.php 第 14 行.
SQL: SHOW COLUMNS FROM `tbl_new` [ RunTime:0.0070s ]
SQL: SELECT COUNT(*) AS tp_count FROM tbl_new  as  a INNER JOIN tbl_new_type  as  b  on a.new_type = b.id  LIMIT 1   [ RunTime:0.0010s ]
SQL: SELECT * FROM tbl_new  as  a INNER JOIN tbl_new_type  as  b  on a.new_type = b.id  ORDER BY new_id desc LIMIT 0,10   [ RunTime:0.0070s ]
INFO: [ view_parse ] --START--
INFO: [ template_filter ] --START--
INFO: Run Behavior\ContentReplaceBehavior [ RunTime:0.000000s ]
INFO: [ template_filter ] --END-- [ RunTime:0.001000s ]
NOTIC: [8] Undefined index: nav_title D:\wamp\www\tp3.2\Application\Runtime\Cache\Auth\4ad7e1c0351babc8346e0cd6fc4f5518.php 第 93 行.
NOTIC: [8] Undefined index: nav_title D:\wamp\www\tp3.2\Application\Runtime\Cache\Auth\4ad7e1c0351babc8346e0cd6fc4f5518.php 第 93 行.
NOTIC: [8] Undefined index: nav_title D:\wamp\www\tp3.2\Application\Runtime\Cache\Auth\4ad7e1c0351babc8346e0cd6fc4f5518.php 第 93 行.
NOTIC: [8] Undefined index: nav_title D:\wamp\www\tp3.2\Application\Runtime\Cache\Auth\4ad7e1c0351babc8346e0cd6fc4f5518.php 第 93 行.
NOTIC: [8] Undefined index: nav_title D:\wamp\www\tp3.2\Application\Runtime\Cache\Auth\4ad7e1c0351babc8346e0cd6fc4f5518.php 第 93 行.
NOTIC: [8] Undefined index: nav_title D:\wamp\www\tp3.2\Application\Runtime\Cache\Auth\4ad7e1c0351babc8346e0cd6fc4f5518.php 第 93 行.
NOTIC: [8] Undefined index: nav_title D:\wamp\www\tp3.2\Application\Runtime\Cache\Auth\4ad7e1c0351babc8346e0cd6fc4f5518.php 第 93 行.
NOTIC: [8] Undefined index: nav_title D:\wamp\www\tp3.2\Application\Runtime\Cache\Auth\4ad7e1c0351babc8346e0cd6fc4f5518.php 第 93 行.
NOTIC: [8] Undefined index: nav_title D:\wamp\www\tp3.2\Application\Runtime\Cache\Auth\4ad7e1c0351babc8346e0cd6fc4f5518.php 第 93 行.
NOTIC: [8] Undefined index: nav_title D:\wamp\www\tp3.2\Application\Runtime\Cache\Auth\4ad7e1c0351babc8346e0cd6fc4f5518.php 第 93 行.
INFO: Run Behavior\ParseTemplateBehavior [ RunTime:0.031002s ]
INFO: [ view_parse ] --END-- [ RunTime:0.031002s ]
INFO: [ view_filter ] --START--
INFO: Run Behavior\WriteHtmlCacheBehavior [ RunTime:0.001000s ]
INFO: [ view_filter ] --END-- [ RunTime:0.001000s ]
INFO: [ app_end ] --START--
INFO: Run Behavior\ShowPageTraceBehavior [ RunTime:0.001000s ]
INFO: [ app_end ] --END-- [ RunTime:0.001000s ]

[ 2017-09-20T10:53:38+08:00 ] 127.0.0.1 /tp3.2/Auth/index/index.html
INFO: [ app_init ] --START--
INFO: Run Behavior\BuildLiteBehavior [ RunTime:0.000000s ]
INFO: [ app_init ] --END-- [ RunTime:0.001000s ]
INFO: [ app_begin ] --START--
INFO: Run Behavior\ReadHtmlCacheBehavior [ RunTime:0.001000s ]
INFO: [ app_begin ] --END-- [ RunTime:0.001000s ]
INFO: [ view_parse ] --START--
INFO: [ template_filter ] --START--
INFO: Run Behavior\ContentReplaceBehavior [ RunTime:0.000000s ]
INFO: [ template_filter ] --END-- [ RunTime:0.000000s ]
INFO: Run Behavior\ParseTemplateBehavior [ RunTime:0.022001s ]
INFO: [ view_parse ] --END-- [ RunTime:0.023001s ]
INFO: [ view_filter ] --START--
INFO: Run Behavior\WriteHtmlCacheBehavior [ RunTime:0.001000s ]
INFO: [ view_filter ] --END-- [ RunTime:0.001000s ]
INFO: [ app_end ] --START--
INFO: Run Behavior\ShowPageTraceBehavior [ RunTime:0.001001s ]
INFO: [ app_end ] --END-- [ RunTime:0.002001s ]

[ 2017-09-20T10:53:40+08:00 ] 127.0.0.1 /tp3.2/Auth/index/welcome.html
INFO: [ app_init ] --START--
INFO: Run Behavior\BuildLiteBehavior [ RunTime:0.000000s ]
INFO: [ app_init ] --END-- [ RunTime:0.001000s ]
INFO: [ app_begin ] --START--
INFO: Run Behavior\ReadHtmlCacheBehavior [ RunTime:0.001000s ]
INFO: [ app_begin ] --END-- [ RunTime:0.001000s ]
INFO: [ view_parse ] --START--
INFO: [ template_filter ] --START--
INFO: Run Behavior\ContentReplaceBehavior [ RunTime:0.000000s ]
INFO: [ template_filter ] --END-- [ RunTime:0.001000s ]
INFO: Run Behavior\ParseTemplateBehavior [ RunTime:0.019002s ]
INFO: [ view_parse ] --END-- [ RunTime:0.020002s ]
INFO: [ view_filter ] --START--
INFO: Run Behavior\WriteHtmlCacheBehavior [ RunTime:0.001000s ]
INFO: [ view_filter ] --END-- [ RunTime:0.001000s ]
INFO: [ app_end ] --START--
INFO: Run Behavior\ShowPageTraceBehavior [ RunTime:0.001000s ]
INFO: [ app_end ] --END-- [ RunTime:0.001000s ]

[ 2017-09-20T10:53:40+08:00 ] 127.0.0.1 /tp3.2/Auth/index/skin-config.html
INFO: [ app_init ] --START--
INFO: Run Behavior\BuildLiteBehavior [ RunTime:0.000000s ]
INFO: [ app_init ] --END-- [ RunTime:0.001000s ]
INFO: [ app_begin ] --START--
INFO: Run Behavior\ReadHtmlCacheBehavior [ RunTime:0.001000s ]
INFO: [ app_begin ] --END-- [ RunTime:0.001000s ]
ERR: 非法操作:skin-config

[ 2017-09-20T10:54:17+08:00 ] 127.0.0.1 /tp3.2/Auth/index/form_avatar.html?v=3.0
INFO: [ app_init ] --START--
INFO: Run Behavior\BuildLiteBehavior [ RunTime:0.000000s ]
INFO: [ app_init ] --END-- [ RunTime:0.001000s ]
INFO: [ app_begin ] --START--
INFO: Run Behavior\ReadHtmlCacheBehavior [ RunTime:0.001000s ]
INFO: [ app_begin ] --END-- [ RunTime:0.002000s ]
ERR: 非法操作:form_avatar

[ 2017-09-20T10:55:06+08:00 ] 127.0.0.1 /tp3.2/Auth/new/index.html?v=3.0
INFO: [ app_init ] --START--
INFO: Run Behavior\BuildLiteBehavior [ RunTime:0.001000s ]
INFO: [ app_init ] --END-- [ RunTime:0.001000s ]
INFO: [ app_begin ] --START--
INFO: Run Behavior\ReadHtmlCacheBehavior [ RunTime:0.001000s ]
INFO: [ app_begin ] --END-- [ RunTime:0.001000s ]
NOTIC: [2048] Declaration of Auth\Controller\NewController::show() should be compatible with Think\Controller::show($content, $charset = '', $contentType = '', $prefix = '') D:\wamp\www\tp3.2\Application\Auth\Controller\NewController.class.php 第 14 行.
SQL: SHOW COLUMNS FROM `tbl_new` [ RunTime:0.0070s ]
SQL: SELECT COUNT(*) AS tp_count FROM tbl_new  as  a INNER JOIN tbl_new_type  as  b  on a.new_type = b.id  LIMIT 1   [ RunTime:0.0020s ]
SQL: SELECT * FROM tbl_new  as  a INNER JOIN tbl_new_type  as  b  on a.new_type = b.id  ORDER BY new_id desc LIMIT 0,10   [ RunTime:0.0070s ]
INFO: [ view_parse ] --START--
INFO: [ template_filter ] --START--
INFO: Run Behavior\ContentReplaceBehavior [ RunTime:0.001001s ]
INFO: [ template_filter ] --END-- [ RunTime:0.001001s ]
NOTIC: [8] Undefined index: nav_title D:\wamp\www\tp3.2\Application\Runtime\Cache\Auth\4ad7e1c0351babc8346e0cd6fc4f5518.php 第 93 行.
NOTIC: [8] Undefined index: nav_title D:\wamp\www\tp3.2\Application\Runtime\Cache\Auth\4ad7e1c0351babc8346e0cd6fc4f5518.php 第 93 行.
NOTIC: [8] Undefined index: nav_title D:\wamp\www\tp3.2\Application\Runtime\Cache\Auth\4ad7e1c0351babc8346e0cd6fc4f5518.php 第 93 行.
NOTIC: [8] Undefined index: nav_title D:\wamp\www\tp3.2\Application\Runtime\Cache\Auth\4ad7e1c0351babc8346e0cd6fc4f5518.php 第 93 行.
NOTIC: [8] Undefined index: nav_title D:\wamp\www\tp3.2\Application\Runtime\Cache\Auth\4ad7e1c0351babc8346e0cd6fc4f5518.php 第 93 行.
NOTIC: [8] Undefined index: nav_title D:\wamp\www\tp3.2\Application\Runtime\Cache\Auth\4ad7e1c0351babc8346e0cd6fc4f5518.php 第 93 行.
NOTIC: [8] Undefined index: nav_title D:\wamp\www\tp3.2\Application\Runtime\Cache\Auth\4ad7e1c0351babc8346e0cd6fc4f5518.php 第 93 行.
NOTIC: [8] Undefined index: nav_title D:\wamp\www\tp3.2\Application\Runtime\Cache\Auth\4ad7e1c0351babc8346e0cd6fc4f5518.php 第 93 行.
NOTIC: [8] Undefined index: nav_title D:\wamp\www\tp3.2\Application\Runtime\Cache\Auth\4ad7e1c0351babc8346e0cd6fc4f5518.php 第 93 行.
NOTIC: [8] Undefined index: nav_title D:\wamp\www\tp3.2\Application\Runtime\Cache\Auth\4ad7e1c0351babc8346e0cd6fc4f5518.php 第 93 行.
INFO: Run Behavior\ParseTemplateBehavior [ RunTime:0.042003s ]
INFO: [ view_parse ] --END-- [ RunTime:0.044003s ]
INFO: [ view_filter ] --START--
INFO: Run Behavior\WriteHtmlCacheBehavior [ RunTime:0.001000s ]
INFO: [ view_filter ] --END-- [ RunTime:0.001000s ]
INFO: [ app_end ] --START--
INFO: Run Behavior\ShowPageTraceBehavior [ RunTime:0.001000s ]
INFO: [ app_end ] --END-- [ RunTime:0.001000s ]

